23-10-2023 12:09:48 fd3e1b29-7c50-4819-a8fb-20b263871f0f : OPTIONS	https://www.google.com	/ 
23-10-2023 12:09:48 52a4f024-fb52-43ae-9344-98108a991e96 : GET	https://www.google.com	/ 
23-10-2023 12:10:23 0fe0ef33-9d26-4e26-9902-068caf080b05 : OPTIONS	https://www.google.com	/ 
23-10-2023 12:10:23 33151830-0321-4580-b251-fc770e222204 : GET	https://www.google.com	/ 
23-10-2023 12:10:32 ffbc41c7-7c92-4775-b536-899fdd55e660 : GET	undefined	/ 
23-10-2023 12:11:50 cd8034fc-0b16-487a-bc01-a13da5c38ad2 : GET	undefined	/ 
23-10-2023 12:12:00 6fef03f4-3e57-42d4-9077-7b52611d5f09 : GET	undefined	/ 
23-10-2023 12:12:01 7cc40c68-bad6-4554-a3a6-61ec4f6f0d68 : GET	undefined	/css/style.css 
23-10-2023 12:12:03 aa87c90f-eef5-4f3d-b07f-4506bbbd1372 : GET	undefined	/ 
23-10-2023 12:12:03 c9812b4f-5395-40b9-be4f-d9fa8cbb94d2 : GET	undefined	/css/style.css 
23-10-2023 12:12:05 956b2b92-cf9c-4b96-8b7e-c9dfd55ee438 : GET	undefined	/new-page.html 
23-10-2023 12:12:05 1201cde8-da0c-45d9-9de0-ef470233fd1a : GET	undefined	/css/style.css 
23-10-2023 12:12:05 6ca51f7c-e973-4074-9625-ff773c239a2a : GET	undefined	/img/img1.jpg 
23-10-2023 12:12:10 90db41b0-d309-4ff1-8b6a-e4dac7b41b6f : GET	undefined	/data/data.json 
23-10-2023 12:12:10 c0f86cd9-9975-4ed6-9734-249beaa16176 : GET	undefined	/css/style.css 
23-10-2023 12:12:18 0784e5e1-66e9-4e5e-a8b6-96be29a3f452 : GET	undefined	/css/style.css 
23-10-2023 12:16:27 c0b798a9-8c2c-4bca-8c62-70953013942d : GET	undefined	/dave 
23-10-2023 12:16:27 cb58f9ca-adee-416c-96c4-338b91cefb8c : GET	undefined	/css/style.css 
23-10-2023 12:17:09 fdb7ed02-70a5-4d5a-a1e2-3c48a031b6ef : GET	undefined	/index.htm 
23-10-2023 12:17:09 2162a5d9-b6d4-4b55-8ce4-7ff21ecec17e : GET	undefined	/css/style.css 
23-10-2023 12:17:12 341ab50e-9dac-4464-984c-1d29396cf62e : GET	undefined	/index.html 
23-10-2023 12:17:12 8d977ac6-b89d-4aad-a7a0-641852f128cf : GET	undefined	/css/style.css 
23-10-2023 12:29:42 c3397ac2-7af8-46e0-84b6-a6973258a10c : GET	undefined	/dave 
23-10-2023 12:29:42 1d5aaec6-e23e-48b9-b3c1-0916aa671bc9 : GET	undefined	/css/style.css 
23-10-2023 12:44:11 1177af85-cf97-4966-bc12-336ee88e44cb : GET	undefined	/subdir/ 
23-10-2023 12:44:11 b143f15e-58b3-4c06-a962-f12f4e073597 : GET	undefined	/css/style.css 
23-10-2023 12:48:03 bfdb8ae9-41e8-49bd-a279-8c68e59011e9 : GET	undefined	/subdir/ 
23-10-2023 12:48:08 1105df06-d6be-445a-9df2-e7612615a3f9 : GET	undefined	/subdir 
23-10-2023 12:48:12 63ea67dc-e277-4ccf-b731-a81069c39152 : GET	undefined	/subdir/test 
23-10-2023 12:48:18 594e95c9-b9e9-4d5f-be38-f550a398f94b : GET	undefined	/subdir/test 
23-10-2023 12:48:22 0043c2c1-65d1-4172-b841-50a2cc821835 : GET	undefined	/subdir/test 
23-10-2023 12:48:57 d91af454-7830-4cf3-bae7-5cd128ba5608 : GET	undefined	/subdir/test 
23-10-2023 12:48:58 84c027a9-3771-40c7-a1e0-de0a928f8a8d : GET	undefined	/subdir/test 
23-10-2023 12:49:58 c41d9969-5f3c-472a-b22c-10abd3cf3323 : GET	undefined	/subdir/test 
23-10-2023 12:50:42 079a6522-c1ce-4fdb-b091-2d84b5bd7d94 : GET	undefined	/subdir/test 
23-10-2023 12:50:42 38bfadbd-b26e-4bf4-ab3b-e92b3a45adfd : GET	undefined	/css/style.css 
23-10-2023 12:51:28 642f2759-9138-4221-93b7-e4a90ef19f3b : GET	undefined	/subdir/test 
23-10-2023 12:51:28 135e41c0-fe8a-4e54-b17c-6b0928b5d415 : GET	undefined	/css/style.css 
23-10-2023 12:51:29 2a3f83b6-b87e-4a57-8193-243f804b726a : GET	undefined	/subdir/test 
23-10-2023 12:51:29 8172405a-4c05-4792-8d90-18d316990dee : GET	undefined	/css/style.css 
23-10-2023 12:51:29 8f8d9820-9f78-49df-b0b8-b9d4c1654c69 : GET	undefined	/subdir/test 
23-10-2023 12:51:29 3b2b1f84-869e-4e2b-8ca1-f797ebc3d1b2 : GET	undefined	/css/style.css 
23-10-2023 12:51:29 9a769c24-06a4-48de-948f-3cc10a935f78 : GET	undefined	/subdir/test 
23-10-2023 12:51:29 023c5cd7-43b4-49e6-9977-91322f86227a : GET	undefined	/css/style.css 
23-10-2023 12:51:29 85895f46-4302-4288-b210-0d8b939497bb : GET	undefined	/subdir/test 
23-10-2023 12:51:29 fbbe9657-9fce-481c-bc52-ff127b218df7 : GET	undefined	/css/style.css 
23-10-2023 12:52:20 460a17fc-17a9-4f9f-aba8-223dcd05d9fd : GET	undefined	/subdir/test 
23-10-2023 12:52:20 b977a6fd-99d4-4f5c-a07d-462b4a37ed4b : GET	undefined	/public/css/style.css 
23-10-2023 12:52:21 e061ec04-4c7f-435b-9ec5-e532fa4cbe87 : GET	undefined	/subdir/test 
23-10-2023 12:52:21 409d2ef7-12e1-440b-816d-22d95c99f47c : GET	undefined	/public/css/style.css 
23-10-2023 12:52:21 834f2ab5-bc31-489c-a880-a20259195641 : GET	undefined	/subdir/test 
23-10-2023 12:52:21 9d721b2f-5f50-4e62-bcc4-48d97486a50b : GET	undefined	/public/css/style.css 
23-10-2023 12:52:22 44065a92-773a-44aa-9b43-cc5a1b09869c : GET	undefined	/subdir/test 
23-10-2023 12:52:22 ea226af1-bf93-432f-ac76-96c05c25e80d : GET	undefined	/public/css/style.css 
23-10-2023 12:52:42 779ff866-ac06-48f8-a93e-b3131e886103 : GET	undefined	/subdir/test 
23-10-2023 12:52:42 b0650770-e108-4ff9-8e0c-76525c66b4d1 : GET	undefined	/public/css/style.css 
23-10-2023 12:52:53 89472f91-503b-4c66-ad26-72e295a17aae : GET	undefined	/subdir/ 
23-10-2023 12:52:53 77dc696f-b240-4297-b65b-694db14dc34d : GET	undefined	/subdir/css/style.css 
23-10-2023 12:53:22 8310a9b9-ace6-42dc-aabd-7c1c04dffa07 : GET	undefined	/subdir/test 
23-10-2023 12:53:22 b2e671d1-0cc9-4157-b408-6150c3d2537a : GET	undefined	/subdir/css/style.css 
23-10-2023 12:53:44 b9ec52d3-799f-4583-b9f3-49b9235d719a : GET	undefined	/subdir/test 
23-10-2023 12:53:44 c272383a-8b25-4b4b-b89a-3760c6acf67d : GET	undefined	/subdir/css/style.css 
23-10-2023 12:53:45 dcd7d9a9-3fee-4595-8cf7-fe7cc9fe0ee8 : GET	undefined	/subdir/test 
23-10-2023 12:53:45 54e3cdc6-f61b-40e2-8741-ee97b2ec5316 : GET	undefined	/subdir/css/style.css 
23-10-2023 12:53:46 c966b0fa-4e30-4914-9824-74234df23b79 : GET	undefined	/subdir/test 
23-10-2023 12:53:46 739ada24-93f2-41e6-956d-af41d00cdc04 : GET	undefined	/subdir/css/style.css 
23-10-2023 12:53:46 81897667-9ecb-40b4-8d2a-7920fc84e0d1 : GET	undefined	/favicon.ico 
23-10-2023 12:53:47 26c21ee4-c803-462c-a0d0-66d2ad825b01 : GET	undefined	/subdir/test 
23-10-2023 12:53:47 6c4c7584-5def-463f-a3da-02c500e2e32d : GET	undefined	/subdir/css/style.css 
23-10-2023 12:53:47 54c924b4-a960-43ae-9001-815c2cf8e204 : GET	undefined	/favicon.ico 
23-10-2023 12:54:01 02c26c4d-4575-4f34-a4dc-7abee85cf716 : GET	undefined	/subdir/test 
23-10-2023 12:54:01 16caef9b-ff1a-4e97-a2de-7aaece05d1b5 : GET	undefined	/subdir/css/style.css 
23-10-2023 12:54:02 a4b2b40e-2396-4681-a41b-2e8378efd968 : GET	undefined	/subdir/test 
23-10-2023 12:54:02 4a0262d2-00c1-46ae-ba07-8e5ecaddad11 : GET	undefined	/subdir/css/style.css 
23-10-2023 12:54:02 46ca3059-352f-4b47-a6c9-af03ea12105d : GET	undefined	/subdir/test 
23-10-2023 12:54:02 e4185222-4853-48af-b851-a6eaa5434ead : GET	undefined	/subdir/css/style.css 
23-10-2023 12:54:02 9cbc0ed4-3ad8-4da9-8912-b08bedea48cb : GET	undefined	/subdir/test 
23-10-2023 12:54:02 5c994ef6-7858-43fa-8705-f4bf515fab04 : GET	undefined	/subdir/css/style.css 
23-10-2023 12:55:07 eb3c16b8-793d-4860-a415-f581868e9edf : GET	undefined	/subdir/test 
23-10-2023 12:55:07 19b64f57-2e84-4232-8b22-929f1239ba3b : GET	undefined	/subdir/css/style.css 
23-10-2023 13:00:25 c02a4581-84ea-4ded-b839-0cb08baac726 : GET	undefined	/subdir/test 
23-10-2023 13:00:25 38a94e3f-14c1-40d1-a9d5-b38a3eba88e3 : GET	undefined	/subdir/css/style.css 
23-10-2023 13:00:27 fa658027-2226-4620-9211-c89823e0b7e8 : GET	undefined	/ 
23-10-2023 13:00:27 794398dd-53b1-4a00-a1c7-1e2fdbb6bb7f : GET	undefined	/css/style.css 
23-10-2023 13:00:32 c815e9e7-ac4a-4391-843e-d2356c6fb2ba : GET	undefined	/ 
23-10-2023 13:00:32 f366bbd1-c46e-4978-a15c-f044aeb6318d : GET	undefined	/css/style.css 
23-10-2023 13:00:33 830df963-357f-4de6-acad-7573d6c5a1e1 : GET	undefined	/ 
23-10-2023 13:00:33 b0cb6bf9-2490-40a4-bdcd-d9f8458335a8 : GET	undefined	/css/style.css 
23-10-2023 13:00:33 f910417a-7131-4d35-9b37-b63bf1f6e9f5 : GET	undefined	/favicon.ico 
23-10-2023 13:00:38 b3435461-4040-4c28-a52f-18b5fccc68ad : GET	undefined	/ 
23-10-2023 13:00:38 70f9bdab-8194-4520-a7c8-f89734c1be7b : GET	undefined	/css/style.css 
23-10-2023 13:00:40 66ad78aa-4428-49bb-a1c9-8a51918351a1 : GET	undefined	/ 
23-10-2023 13:00:40 24791243-2903-4c92-a2c1-04c00410429a : GET	undefined	/css/style.css 
23-10-2023 13:00:40 bf4dbab1-3fae-430b-bc9c-deb9c537466e : GET	undefined	/favicon.ico 
23-10-2023 13:00:44 bd13cf32-288b-402f-98d6-bf502b0f67b5 : GET	undefined	/new-page.html 
23-10-2023 13:00:44 8215c620-1c39-4324-857f-89f27159f45d : GET	undefined	/css/style.css 
23-10-2023 13:00:44 07117c2f-52fe-48c7-b222-ba5ca2ea348b : GET	undefined	/img/img1.jpg 
23-10-2023 13:00:46 e8b2a86a-0411-445f-85af-2cbdff511edb : GET	undefined	/new-page.html 
23-10-2023 13:00:46 aa02a547-78d9-4ef1-b4f4-a4a04d10acc9 : GET	undefined	/css/style.css 
23-10-2023 13:00:46 6ed5c000-cb43-4f80-bdcd-79d5b9ba5ed7 : GET	undefined	/img/img1.jpg 
23-10-2023 13:00:46 71157738-7dec-40b8-b3d8-b35f46ca7366 : GET	undefined	/favicon.ico 
23-10-2023 13:00:51 db35eb64-3d4c-4462-9a67-40a0f3afc0f8 : GET	undefined	/old-page.html 
23-10-2023 13:00:51 fd5f7a3c-46ed-4d11-97bc-987c0cc42beb : GET	undefined	/new-page.html 
23-10-2023 13:00:51 67cd9203-cb4f-4943-ae50-e6952e4cfe76 : GET	undefined	/css/style.css 
23-10-2023 13:00:51 745854d4-3cd3-46b0-942b-e2c17425bb1a : GET	undefined	/img/img1.jpg 
23-10-2023 13:00:52 648ec4de-4208-4ed2-82a3-82a1fa7acc98 : GET	undefined	/new-page.html 
23-10-2023 13:00:52 b5688eee-2d9f-4674-9632-f50dc9bdf66e : GET	undefined	/css/style.css 
23-10-2023 13:00:52 c3b0e2df-1856-46ca-bf94-1837a6df5462 : GET	undefined	/img/img1.jpg 
23-10-2023 13:00:52 16d62a61-b1c0-4c12-98e0-4c629d5e5f15 : GET	undefined	/favicon.ico 
23-10-2023 14:05:14 2cdb214a-9e3e-4767-b69d-c58d8c152a5d : GET	undefined	/ 
23-10-2023 14:05:21 3e4d8133-5ea4-46fb-9589-c06afd367169 : GET	undefined	/employees 
23-10-2023 14:06:44 1b86f985-1cd0-47e6-abbe-1c23c950af97 : GET	undefined	/employees 
23-10-2023 14:06:52 6814be9d-63c6-4a27-9ae6-e40f8cb27dc2 : POST	undefined	/employees 
23-10-2023 14:07:16 cb7933e3-e3de-4878-ab8e-cc42eb49f13c : GET	undefined	/employees 
23-10-2023 14:07:33 c200d640-5c80-45f6-9fb1-8a3fd73f57ae : POST	undefined	/employees 
23-10-2023 14:08:37 52bea0f4-6ee3-4a87-a65c-2f09955e5534 : POST	undefined	/employees 
23-10-2023 14:09:08 963f7100-d7a5-419c-9ea0-f7786609dfe3 : POST	undefined	/employees 
23-10-2023 14:09:20 719c7046-c035-4e1b-948b-6eb0ecb2b7a7 : PUT	undefined	/employees 
23-10-2023 14:09:43 3b79adb1-6357-4525-bd1f-ddc1b882b155 : DELETE	undefined	/employees 
23-10-2023 14:10:00 6358c488-b8d1-4c54-b32d-239e8dd3e4b0 : DELETE	undefined	/employees 
23-10-2023 14:10:56 3e7ba956-3317-4502-9b7c-4af474657371 : GET	undefined	/employees/2 
23-10-2023 14:11:01 f3952348-3cb9-4bcb-8510-66b4113ae7a7 : GET	undefined	/employees/2 
23-10-2023 14:12:02 98d8a1ac-a8e1-4bb0-8694-4f3d99c43317 : GET	undefined	/employees/2 
23-10-2023 14:12:18 8da49ecd-e951-4507-b9f2-98f403844356 : GET	undefined	/employees/2 
23-10-2023 14:13:48 b4613567-899c-47d3-b14d-a07cf3a43ab2 : GET	undefined	/employees/2 
23-10-2023 14:14:16 dd499ecf-d405-48af-8d94-57e46def4f21 : GET	undefined	/employees/2 
23-10-2023 14:14:35 5b76450c-ff23-4b43-b3a6-4121af2ea737 : GET	undefined	/employees/2 
23-10-2023 14:15:49 3008f361-ce48-48d5-ab6e-62e10125b805 : GET	undefined	/employees/2 
23-10-2023 14:16:34 f4c9c6ca-4500-4d71-b105-499fdfb3c8ce : GET	undefined	/employees/2 
23-10-2023 14:17:22 83a61334-8c38-4a0c-a27b-bfe8707a39ee : GET	undefined	/employees/2 
23-10-2023 14:17:42 86cd71e2-909b-4ae2-86c5-c126533ea08e : GET	undefined	/employees/2 
23-10-2023 14:17:51 cd83451c-5873-4732-be6a-23860ed3bd76 : GET	undefined	/employees/2 
23-10-2023 14:18:01 9c65089c-2409-4163-827a-ce0dae015ab5 : GET	undefined	/employees/2 
23-10-2023 14:18:14 5d7faadb-c312-4867-8e2d-a51bbff0ce20 : GET	undefined	/employees/2 
23-10-2023 14:18:24 a346aaae-12b7-41d4-8784-db60e36ce448 : GET	undefined	/employees/2 
23-10-2023 14:19:48 155c5034-cf2b-4a2a-b500-797ea554b8fc : GET	undefined	/employees/2 
23-10-2023 14:19:51 816f50aa-326e-4b6d-9c96-b74e6c63ba28 : GET	undefined	/employees/1 
23-10-2023 14:19:57 64aff5d9-2312-44d3-bbd9-323845e01251 : GET	undefined	/employees/23 
23-10-2023 14:20:20 52abda2f-3668-4418-b233-70d40ad4d1cb : GET	undefined	/employees/23 
23-10-2023 14:20:25 af8930e4-9a69-4faf-a126-29cbbf622376 : GET	undefined	/employees/2 
23-10-2023 14:20:28 578d5cce-aa58-4079-b928-a2daf34c345b : GET	undefined	/employees/%60 
23-10-2023 14:20:31 224e34b2-3baa-4911-9be6-06f56903d8a4 : GET	undefined	/employees/1 
23-10-2023 14:37:01 deb72ee8-18fd-4597-bbcb-abeae9122787 : GET	undefined	/employees 
23-10-2023 14:37:10 d22dc03a-4b0e-4490-8429-d3b52f1005dd : GET	undefined	/employees/1 
23-10-2023 14:37:15 b186e5f1-b75b-440d-a500-2ca4fa86aadc : GET	undefined	/employees/2 
23-10-2023 14:37:20 437a2daf-b7cd-4831-9d61-c2b40714b3bc : GET	undefined	/employees 
23-10-2023 14:37:23 a3f008ee-30c4-45b4-b4a5-8bae736b3a60 : POST	undefined	/employees 
23-10-2023 14:37:26 dfba21b9-f990-4606-b870-30c711a11b6b : PUT	undefined	/employees 
23-10-2023 14:37:28 6d0494fe-0402-49d3-9fe1-5b7610189a0d : DELETE	undefined	/employees 
23-10-2023 14:56:43 8174e4d4-ce98-4e6f-aea4-644d412a6b29 : GET	undefined	/employees/2 
23-10-2023 14:56:47 e7b06463-82d2-499c-bb61-528fab4403a4 : GET	undefined	/employees/1 
23-10-2023 15:18:35 4df33ba7-5ff9-4dc2-9fee-467ad61bd3dd : GET	undefined	/employees 
23-10-2023 15:18:42 2ba6d000-e00a-4351-b4a5-c870e74c7576 : POST	undefined	/employees 
23-10-2023 15:18:53 174f4f60-110d-465a-82c2-13ef976648ad : GET	undefined	/employees/1 
23-10-2023 15:18:56 ea7ee125-2d14-48d6-9ef3-d3af3a47b7c2 : GET	undefined	/employees 
23-10-2023 15:19:03 b9e9b560-3950-42f7-8716-4ddc37a1784c : POST	undefined	/employees 
23-10-2023 15:20:39 555d0223-fd98-4098-bcc8-0057c094fa57 : POST	undefined	/employees 
23-10-2023 15:22:16 57a89c65-853d-446c-aacb-8d62d042b445 : POST	undefined	/employees 
23-10-2023 15:22:22 2af0b46e-2519-4df4-b540-7c44d2c1f983 : GET	undefined	/employees 
23-10-2023 15:22:42 bb75192e-e543-466f-a90d-176fafad0def : POST	undefined	/employees 
23-10-2023 15:22:59 5a82d7c1-e284-4b0c-bb39-00c1f1f523cf : POST	undefined	/employees 
23-10-2023 15:25:46 48b8fde4-6ed0-40f2-9cff-249d4cb4cf1e : POST	undefined	/employees 
23-10-2023 15:25:53 57f4e324-3ad3-4711-938f-925ed88fb27e : POST	undefined	/employees 
23-10-2023 15:26:03 d3dd738b-0180-44c4-b996-fd40af103ed4 : POST	undefined	/employees 
23-10-2023 15:32:46 4480789d-c80d-4001-a79d-c03e2a076b1e : GET	undefined	/employees 
23-10-2023 15:33:02 65ce5cce-bd84-45ca-ab86-06ca538e5dac : PUT	undefined	/employees 
23-10-2023 15:33:15 f5d5d017-7f57-4eeb-9e35-a3f40a53d779 : PUT	undefined	/employees 
23-10-2023 15:33:22 18aced90-833d-44d7-b10e-83e342064e6c : POST	undefined	/employees 
23-10-2023 15:33:29 00903fe4-28d2-4ba8-92fe-3c76d10a34b6 : POST	undefined	/employees 
23-10-2023 15:33:31 cbb1feff-4d1b-4a7e-9931-e5fb0cc9bc9c : POST	undefined	/employees 
23-10-2023 15:33:34 21b4869a-e8b6-4851-9b16-2b7e2a4f6c6c : POST	undefined	/employees 
23-10-2023 15:33:37 0294d9bc-d8b0-4d96-aaec-ca1fc4981e6a : PUT	undefined	/employees 
23-10-2023 15:35:24 4939292b-d9d8-46dd-82f2-ffa74028ff7f : GET	undefined	/employees 
23-10-2023 15:35:35 b6fe8e6a-9743-46b6-addb-924c34b82dca : DELETE	undefined	/employees 
23-10-2023 15:35:48 30917baf-d8cc-4034-8b20-56367ad16f47 : GET	undefined	/employees 
23-10-2023 15:35:52 b9faa6a1-b6e0-400e-b16b-ddda23ffeda3 : POST	undefined	/employees 
23-10-2023 15:35:58 fd32d41b-7d38-4a16-af7a-868cc98ea7fa : POST	undefined	/employees 
23-10-2023 15:36:06 9ac1a13c-9e72-448b-8d79-7a87737d247a : DELETE	undefined	/employees 
23-10-2023 15:36:56 00e25ff5-7444-4016-9093-7a63db70a1d5 : DELETE	undefined	/employees 
23-10-2023 15:37:11 41a65240-e5cf-4a87-920e-418dd1d7f80b : GET	undefined	/employees 
23-10-2023 15:37:13 26ebd099-6219-4788-b8d1-760ca1d07f1c : GET	undefined	/employees 
23-10-2023 15:37:16 0dabad3d-6a45-4565-8ec6-9b1ff58dfb01 : POST	undefined	/employees 
23-10-2023 15:37:23 065eb2b2-0501-406c-ba79-dacbbef3e59e : DELETE	undefined	/employees 
23-10-2023 15:37:29 619c29ac-f3f9-474d-a8d3-a0c9491f976a : DELETE	undefined	/employees 
23-10-2023 15:37:33 2102706f-17d7-4e59-9963-bc392ae71a72 : DELETE	undefined	/employees 
