23-10-2023 12:09:48 fd3e1b29-7c50-4819-a8fb-20b263871f0f : OPTIONS	https://www.google.com	/ 
23-10-2023 12:09:48 52a4f024-fb52-43ae-9344-98108a991e96 : GET	https://www.google.com	/ 
23-10-2023 12:10:23 0fe0ef33-9d26-4e26-9902-068caf080b05 : OPTIONS	https://www.google.com	/ 
23-10-2023 12:10:23 33151830-0321-4580-b251-fc770e222204 : GET	https://www.google.com	/ 
23-10-2023 12:10:32 ffbc41c7-7c92-4775-b536-899fdd55e660 : GET	undefined	/ 
23-10-2023 12:11:50 cd8034fc-0b16-487a-bc01-a13da5c38ad2 : GET	undefined	/ 
23-10-2023 12:12:00 6fef03f4-3e57-42d4-9077-7b52611d5f09 : GET	undefined	/ 
23-10-2023 12:12:01 7cc40c68-bad6-4554-a3a6-61ec4f6f0d68 : GET	undefined	/css/style.css 
23-10-2023 12:12:03 aa87c90f-eef5-4f3d-b07f-4506bbbd1372 : GET	undefined	/ 
23-10-2023 12:12:03 c9812b4f-5395-40b9-be4f-d9fa8cbb94d2 : GET	undefined	/css/style.css 
23-10-2023 12:12:05 956b2b92-cf9c-4b96-8b7e-c9dfd55ee438 : GET	undefined	/new-page.html 
23-10-2023 12:12:05 1201cde8-da0c-45d9-9de0-ef470233fd1a : GET	undefined	/css/style.css 
23-10-2023 12:12:05 6ca51f7c-e973-4074-9625-ff773c239a2a : GET	undefined	/img/img1.jpg 
23-10-2023 12:12:10 90db41b0-d309-4ff1-8b6a-e4dac7b41b6f : GET	undefined	/data/data.json 
23-10-2023 12:12:10 c0f86cd9-9975-4ed6-9734-249beaa16176 : GET	undefined	/css/style.css 
23-10-2023 12:12:18 0784e5e1-66e9-4e5e-a8b6-96be29a3f452 : GET	undefined	/css/style.css 
23-10-2023 12:16:27 c0b798a9-8c2c-4bca-8c62-70953013942d : GET	undefined	/dave 
23-10-2023 12:16:27 cb58f9ca-adee-416c-96c4-338b91cefb8c : GET	undefined	/css/style.css 
23-10-2023 12:17:09 fdb7ed02-70a5-4d5a-a1e2-3c48a031b6ef : GET	undefined	/index.htm 
23-10-2023 12:17:09 2162a5d9-b6d4-4b55-8ce4-7ff21ecec17e : GET	undefined	/css/style.css 
23-10-2023 12:17:12 341ab50e-9dac-4464-984c-1d29396cf62e : GET	undefined	/index.html 
23-10-2023 12:17:12 8d977ac6-b89d-4aad-a7a0-641852f128cf : GET	undefined	/css/style.css 
23-10-2023 12:29:42 c3397ac2-7af8-46e0-84b6-a6973258a10c : GET	undefined	/dave 
23-10-2023 12:29:42 1d5aaec6-e23e-48b9-b3c1-0916aa671bc9 : GET	undefined	/css/style.css 
