23-10-2023 12:09:48 fd3e1b29-7c50-4819-a8fb-20b263871f0f : OPTIONS	https://www.google.com	/ 
23-10-2023 12:09:48 52a4f024-fb52-43ae-9344-98108a991e96 : GET	https://www.google.com	/ 
23-10-2023 12:10:23 0fe0ef33-9d26-4e26-9902-068caf080b05 : OPTIONS	https://www.google.com	/ 
23-10-2023 12:10:23 33151830-0321-4580-b251-fc770e222204 : GET	https://www.google.com	/ 
23-10-2023 12:10:32 ffbc41c7-7c92-4775-b536-899fdd55e660 : GET	undefined	/ 
23-10-2023 12:11:50 cd8034fc-0b16-487a-bc01-a13da5c38ad2 : GET	undefined	/ 
23-10-2023 12:12:00 6fef03f4-3e57-42d4-9077-7b52611d5f09 : GET	undefined	/ 
23-10-2023 12:12:01 7cc40c68-bad6-4554-a3a6-61ec4f6f0d68 : GET	undefined	/css/style.css 
23-10-2023 12:12:03 aa87c90f-eef5-4f3d-b07f-4506bbbd1372 : GET	undefined	/ 
23-10-2023 12:12:03 c9812b4f-5395-40b9-be4f-d9fa8cbb94d2 : GET	undefined	/css/style.css 
23-10-2023 12:12:05 956b2b92-cf9c-4b96-8b7e-c9dfd55ee438 : GET	undefined	/new-page.html 
23-10-2023 12:12:05 1201cde8-da0c-45d9-9de0-ef470233fd1a : GET	undefined	/css/style.css 
23-10-2023 12:12:05 6ca51f7c-e973-4074-9625-ff773c239a2a : GET	undefined	/img/img1.jpg 
23-10-2023 12:12:10 90db41b0-d309-4ff1-8b6a-e4dac7b41b6f : GET	undefined	/data/data.json 
23-10-2023 12:12:10 c0f86cd9-9975-4ed6-9734-249beaa16176 : GET	undefined	/css/style.css 
23-10-2023 12:12:18 0784e5e1-66e9-4e5e-a8b6-96be29a3f452 : GET	undefined	/css/style.css 
23-10-2023 12:16:27 c0b798a9-8c2c-4bca-8c62-70953013942d : GET	undefined	/dave 
23-10-2023 12:16:27 cb58f9ca-adee-416c-96c4-338b91cefb8c : GET	undefined	/css/style.css 
23-10-2023 12:17:09 fdb7ed02-70a5-4d5a-a1e2-3c48a031b6ef : GET	undefined	/index.htm 
23-10-2023 12:17:09 2162a5d9-b6d4-4b55-8ce4-7ff21ecec17e : GET	undefined	/css/style.css 
23-10-2023 12:17:12 341ab50e-9dac-4464-984c-1d29396cf62e : GET	undefined	/index.html 
23-10-2023 12:17:12 8d977ac6-b89d-4aad-a7a0-641852f128cf : GET	undefined	/css/style.css 
23-10-2023 12:29:42 c3397ac2-7af8-46e0-84b6-a6973258a10c : GET	undefined	/dave 
23-10-2023 12:29:42 1d5aaec6-e23e-48b9-b3c1-0916aa671bc9 : GET	undefined	/css/style.css 
23-10-2023 12:44:11 1177af85-cf97-4966-bc12-336ee88e44cb : GET	undefined	/subdir/ 
23-10-2023 12:44:11 b143f15e-58b3-4c06-a962-f12f4e073597 : GET	undefined	/css/style.css 
23-10-2023 12:48:03 bfdb8ae9-41e8-49bd-a279-8c68e59011e9 : GET	undefined	/subdir/ 
23-10-2023 12:48:08 1105df06-d6be-445a-9df2-e7612615a3f9 : GET	undefined	/subdir 
23-10-2023 12:48:12 63ea67dc-e277-4ccf-b731-a81069c39152 : GET	undefined	/subdir/test 
23-10-2023 12:48:18 594e95c9-b9e9-4d5f-be38-f550a398f94b : GET	undefined	/subdir/test 
23-10-2023 12:48:22 0043c2c1-65d1-4172-b841-50a2cc821835 : GET	undefined	/subdir/test 
23-10-2023 12:48:57 d91af454-7830-4cf3-bae7-5cd128ba5608 : GET	undefined	/subdir/test 
23-10-2023 12:48:58 84c027a9-3771-40c7-a1e0-de0a928f8a8d : GET	undefined	/subdir/test 
23-10-2023 12:49:58 c41d9969-5f3c-472a-b22c-10abd3cf3323 : GET	undefined	/subdir/test 
23-10-2023 12:50:42 079a6522-c1ce-4fdb-b091-2d84b5bd7d94 : GET	undefined	/subdir/test 
23-10-2023 12:50:42 38bfadbd-b26e-4bf4-ab3b-e92b3a45adfd : GET	undefined	/css/style.css 
23-10-2023 12:51:28 642f2759-9138-4221-93b7-e4a90ef19f3b : GET	undefined	/subdir/test 
23-10-2023 12:51:28 135e41c0-fe8a-4e54-b17c-6b0928b5d415 : GET	undefined	/css/style.css 
23-10-2023 12:51:29 2a3f83b6-b87e-4a57-8193-243f804b726a : GET	undefined	/subdir/test 
23-10-2023 12:51:29 8172405a-4c05-4792-8d90-18d316990dee : GET	undefined	/css/style.css 
23-10-2023 12:51:29 8f8d9820-9f78-49df-b0b8-b9d4c1654c69 : GET	undefined	/subdir/test 
23-10-2023 12:51:29 3b2b1f84-869e-4e2b-8ca1-f797ebc3d1b2 : GET	undefined	/css/style.css 
23-10-2023 12:51:29 9a769c24-06a4-48de-948f-3cc10a935f78 : GET	undefined	/subdir/test 
23-10-2023 12:51:29 023c5cd7-43b4-49e6-9977-91322f86227a : GET	undefined	/css/style.css 
23-10-2023 12:51:29 85895f46-4302-4288-b210-0d8b939497bb : GET	undefined	/subdir/test 
23-10-2023 12:51:29 fbbe9657-9fce-481c-bc52-ff127b218df7 : GET	undefined	/css/style.css 
23-10-2023 12:52:20 460a17fc-17a9-4f9f-aba8-223dcd05d9fd : GET	undefined	/subdir/test 
23-10-2023 12:52:20 b977a6fd-99d4-4f5c-a07d-462b4a37ed4b : GET	undefined	/public/css/style.css 
23-10-2023 12:52:21 e061ec04-4c7f-435b-9ec5-e532fa4cbe87 : GET	undefined	/subdir/test 
23-10-2023 12:52:21 409d2ef7-12e1-440b-816d-22d95c99f47c : GET	undefined	/public/css/style.css 
23-10-2023 12:52:21 834f2ab5-bc31-489c-a880-a20259195641 : GET	undefined	/subdir/test 
23-10-2023 12:52:21 9d721b2f-5f50-4e62-bcc4-48d97486a50b : GET	undefined	/public/css/style.css 
23-10-2023 12:52:22 44065a92-773a-44aa-9b43-cc5a1b09869c : GET	undefined	/subdir/test 
23-10-2023 12:52:22 ea226af1-bf93-432f-ac76-96c05c25e80d : GET	undefined	/public/css/style.css 
23-10-2023 12:52:42 779ff866-ac06-48f8-a93e-b3131e886103 : GET	undefined	/subdir/test 
23-10-2023 12:52:42 b0650770-e108-4ff9-8e0c-76525c66b4d1 : GET	undefined	/public/css/style.css 
23-10-2023 12:52:53 89472f91-503b-4c66-ad26-72e295a17aae : GET	undefined	/subdir/ 
23-10-2023 12:52:53 77dc696f-b240-4297-b65b-694db14dc34d : GET	undefined	/subdir/css/style.css 
23-10-2023 12:53:22 8310a9b9-ace6-42dc-aabd-7c1c04dffa07 : GET	undefined	/subdir/test 
23-10-2023 12:53:22 b2e671d1-0cc9-4157-b408-6150c3d2537a : GET	undefined	/subdir/css/style.css 
23-10-2023 12:53:44 b9ec52d3-799f-4583-b9f3-49b9235d719a : GET	undefined	/subdir/test 
23-10-2023 12:53:44 c272383a-8b25-4b4b-b89a-3760c6acf67d : GET	undefined	/subdir/css/style.css 
23-10-2023 12:53:45 dcd7d9a9-3fee-4595-8cf7-fe7cc9fe0ee8 : GET	undefined	/subdir/test 
23-10-2023 12:53:45 54e3cdc6-f61b-40e2-8741-ee97b2ec5316 : GET	undefined	/subdir/css/style.css 
23-10-2023 12:53:46 c966b0fa-4e30-4914-9824-74234df23b79 : GET	undefined	/subdir/test 
23-10-2023 12:53:46 739ada24-93f2-41e6-956d-af41d00cdc04 : GET	undefined	/subdir/css/style.css 
23-10-2023 12:53:46 81897667-9ecb-40b4-8d2a-7920fc84e0d1 : GET	undefined	/favicon.ico 
23-10-2023 12:53:47 26c21ee4-c803-462c-a0d0-66d2ad825b01 : GET	undefined	/subdir/test 
23-10-2023 12:53:47 6c4c7584-5def-463f-a3da-02c500e2e32d : GET	undefined	/subdir/css/style.css 
23-10-2023 12:53:47 54c924b4-a960-43ae-9001-815c2cf8e204 : GET	undefined	/favicon.ico 
23-10-2023 12:54:01 02c26c4d-4575-4f34-a4dc-7abee85cf716 : GET	undefined	/subdir/test 
23-10-2023 12:54:01 16caef9b-ff1a-4e97-a2de-7aaece05d1b5 : GET	undefined	/subdir/css/style.css 
23-10-2023 12:54:02 a4b2b40e-2396-4681-a41b-2e8378efd968 : GET	undefined	/subdir/test 
23-10-2023 12:54:02 4a0262d2-00c1-46ae-ba07-8e5ecaddad11 : GET	undefined	/subdir/css/style.css 
23-10-2023 12:54:02 46ca3059-352f-4b47-a6c9-af03ea12105d : GET	undefined	/subdir/test 
23-10-2023 12:54:02 e4185222-4853-48af-b851-a6eaa5434ead : GET	undefined	/subdir/css/style.css 
23-10-2023 12:54:02 9cbc0ed4-3ad8-4da9-8912-b08bedea48cb : GET	undefined	/subdir/test 
23-10-2023 12:54:02 5c994ef6-7858-43fa-8705-f4bf515fab04 : GET	undefined	/subdir/css/style.css 
23-10-2023 12:55:07 eb3c16b8-793d-4860-a415-f581868e9edf : GET	undefined	/subdir/test 
23-10-2023 12:55:07 19b64f57-2e84-4232-8b22-929f1239ba3b : GET	undefined	/subdir/css/style.css 
23-10-2023 13:00:25 c02a4581-84ea-4ded-b839-0cb08baac726 : GET	undefined	/subdir/test 
23-10-2023 13:00:25 38a94e3f-14c1-40d1-a9d5-b38a3eba88e3 : GET	undefined	/subdir/css/style.css 
23-10-2023 13:00:27 fa658027-2226-4620-9211-c89823e0b7e8 : GET	undefined	/ 
23-10-2023 13:00:27 794398dd-53b1-4a00-a1c7-1e2fdbb6bb7f : GET	undefined	/css/style.css 
23-10-2023 13:00:32 c815e9e7-ac4a-4391-843e-d2356c6fb2ba : GET	undefined	/ 
23-10-2023 13:00:32 f366bbd1-c46e-4978-a15c-f044aeb6318d : GET	undefined	/css/style.css 
23-10-2023 13:00:33 830df963-357f-4de6-acad-7573d6c5a1e1 : GET	undefined	/ 
23-10-2023 13:00:33 b0cb6bf9-2490-40a4-bdcd-d9f8458335a8 : GET	undefined	/css/style.css 
23-10-2023 13:00:33 f910417a-7131-4d35-9b37-b63bf1f6e9f5 : GET	undefined	/favicon.ico 
23-10-2023 13:00:38 b3435461-4040-4c28-a52f-18b5fccc68ad : GET	undefined	/ 
23-10-2023 13:00:38 70f9bdab-8194-4520-a7c8-f89734c1be7b : GET	undefined	/css/style.css 
23-10-2023 13:00:40 66ad78aa-4428-49bb-a1c9-8a51918351a1 : GET	undefined	/ 
23-10-2023 13:00:40 24791243-2903-4c92-a2c1-04c00410429a : GET	undefined	/css/style.css 
23-10-2023 13:00:40 bf4dbab1-3fae-430b-bc9c-deb9c537466e : GET	undefined	/favicon.ico 
23-10-2023 13:00:44 bd13cf32-288b-402f-98d6-bf502b0f67b5 : GET	undefined	/new-page.html 
23-10-2023 13:00:44 8215c620-1c39-4324-857f-89f27159f45d : GET	undefined	/css/style.css 
23-10-2023 13:00:44 07117c2f-52fe-48c7-b222-ba5ca2ea348b : GET	undefined	/img/img1.jpg 
23-10-2023 13:00:46 e8b2a86a-0411-445f-85af-2cbdff511edb : GET	undefined	/new-page.html 
23-10-2023 13:00:46 aa02a547-78d9-4ef1-b4f4-a4a04d10acc9 : GET	undefined	/css/style.css 
23-10-2023 13:00:46 6ed5c000-cb43-4f80-bdcd-79d5b9ba5ed7 : GET	undefined	/img/img1.jpg 
23-10-2023 13:00:46 71157738-7dec-40b8-b3d8-b35f46ca7366 : GET	undefined	/favicon.ico 
23-10-2023 13:00:51 db35eb64-3d4c-4462-9a67-40a0f3afc0f8 : GET	undefined	/old-page.html 
23-10-2023 13:00:51 fd5f7a3c-46ed-4d11-97bc-987c0cc42beb : GET	undefined	/new-page.html 
23-10-2023 13:00:51 67cd9203-cb4f-4943-ae50-e6952e4cfe76 : GET	undefined	/css/style.css 
23-10-2023 13:00:51 745854d4-3cd3-46b0-942b-e2c17425bb1a : GET	undefined	/img/img1.jpg 
23-10-2023 13:00:52 648ec4de-4208-4ed2-82a3-82a1fa7acc98 : GET	undefined	/new-page.html 
23-10-2023 13:00:52 b5688eee-2d9f-4674-9632-f50dc9bdf66e : GET	undefined	/css/style.css 
23-10-2023 13:00:52 c3b0e2df-1856-46ca-bf94-1837a6df5462 : GET	undefined	/img/img1.jpg 
23-10-2023 13:00:52 16d62a61-b1c0-4c12-98e0-4c629d5e5f15 : GET	undefined	/favicon.ico 
23-10-2023 14:05:14 2cdb214a-9e3e-4767-b69d-c58d8c152a5d : GET	undefined	/ 
23-10-2023 14:05:21 3e4d8133-5ea4-46fb-9589-c06afd367169 : GET	undefined	/employees 
23-10-2023 14:06:44 1b86f985-1cd0-47e6-abbe-1c23c950af97 : GET	undefined	/employees 
23-10-2023 14:06:52 6814be9d-63c6-4a27-9ae6-e40f8cb27dc2 : POST	undefined	/employees 
23-10-2023 14:07:16 cb7933e3-e3de-4878-ab8e-cc42eb49f13c : GET	undefined	/employees 
23-10-2023 14:07:33 c200d640-5c80-45f6-9fb1-8a3fd73f57ae : POST	undefined	/employees 
23-10-2023 14:08:37 52bea0f4-6ee3-4a87-a65c-2f09955e5534 : POST	undefined	/employees 
23-10-2023 14:09:08 963f7100-d7a5-419c-9ea0-f7786609dfe3 : POST	undefined	/employees 
23-10-2023 14:09:20 719c7046-c035-4e1b-948b-6eb0ecb2b7a7 : PUT	undefined	/employees 
23-10-2023 14:09:43 3b79adb1-6357-4525-bd1f-ddc1b882b155 : DELETE	undefined	/employees 
23-10-2023 14:10:00 6358c488-b8d1-4c54-b32d-239e8dd3e4b0 : DELETE	undefined	/employees 
23-10-2023 14:10:56 3e7ba956-3317-4502-9b7c-4af474657371 : GET	undefined	/employees/2 
23-10-2023 14:11:01 f3952348-3cb9-4bcb-8510-66b4113ae7a7 : GET	undefined	/employees/2 
23-10-2023 14:12:02 98d8a1ac-a8e1-4bb0-8694-4f3d99c43317 : GET	undefined	/employees/2 
23-10-2023 14:12:18 8da49ecd-e951-4507-b9f2-98f403844356 : GET	undefined	/employees/2 
23-10-2023 14:13:48 b4613567-899c-47d3-b14d-a07cf3a43ab2 : GET	undefined	/employees/2 
23-10-2023 14:14:16 dd499ecf-d405-48af-8d94-57e46def4f21 : GET	undefined	/employees/2 
23-10-2023 14:14:35 5b76450c-ff23-4b43-b3a6-4121af2ea737 : GET	undefined	/employees/2 
23-10-2023 14:15:49 3008f361-ce48-48d5-ab6e-62e10125b805 : GET	undefined	/employees/2 
23-10-2023 14:16:34 f4c9c6ca-4500-4d71-b105-499fdfb3c8ce : GET	undefined	/employees/2 
23-10-2023 14:17:22 83a61334-8c38-4a0c-a27b-bfe8707a39ee : GET	undefined	/employees/2 
23-10-2023 14:17:42 86cd71e2-909b-4ae2-86c5-c126533ea08e : GET	undefined	/employees/2 
23-10-2023 14:17:51 cd83451c-5873-4732-be6a-23860ed3bd76 : GET	undefined	/employees/2 
23-10-2023 14:18:01 9c65089c-2409-4163-827a-ce0dae015ab5 : GET	undefined	/employees/2 
23-10-2023 14:18:14 5d7faadb-c312-4867-8e2d-a51bbff0ce20 : GET	undefined	/employees/2 
23-10-2023 14:18:24 a346aaae-12b7-41d4-8784-db60e36ce448 : GET	undefined	/employees/2 
23-10-2023 14:19:48 155c5034-cf2b-4a2a-b500-797ea554b8fc : GET	undefined	/employees/2 
23-10-2023 14:19:51 816f50aa-326e-4b6d-9c96-b74e6c63ba28 : GET	undefined	/employees/1 
23-10-2023 14:19:57 64aff5d9-2312-44d3-bbd9-323845e01251 : GET	undefined	/employees/23 
23-10-2023 14:20:20 52abda2f-3668-4418-b233-70d40ad4d1cb : GET	undefined	/employees/23 
23-10-2023 14:20:25 af8930e4-9a69-4faf-a126-29cbbf622376 : GET	undefined	/employees/2 
23-10-2023 14:20:28 578d5cce-aa58-4079-b928-a2daf34c345b : GET	undefined	/employees/%60 
23-10-2023 14:20:31 224e34b2-3baa-4911-9be6-06f56903d8a4 : GET	undefined	/employees/1 
23-10-2023 14:37:01 deb72ee8-18fd-4597-bbcb-abeae9122787 : GET	undefined	/employees 
23-10-2023 14:37:10 d22dc03a-4b0e-4490-8429-d3b52f1005dd : GET	undefined	/employees/1 
23-10-2023 14:37:15 b186e5f1-b75b-440d-a500-2ca4fa86aadc : GET	undefined	/employees/2 
23-10-2023 14:37:20 437a2daf-b7cd-4831-9d61-c2b40714b3bc : GET	undefined	/employees 
23-10-2023 14:37:23 a3f008ee-30c4-45b4-b4a5-8bae736b3a60 : POST	undefined	/employees 
23-10-2023 14:37:26 dfba21b9-f990-4606-b870-30c711a11b6b : PUT	undefined	/employees 
23-10-2023 14:37:28 6d0494fe-0402-49d3-9fe1-5b7610189a0d : DELETE	undefined	/employees 
23-10-2023 14:56:43 8174e4d4-ce98-4e6f-aea4-644d412a6b29 : GET	undefined	/employees/2 
23-10-2023 14:56:47 e7b06463-82d2-499c-bb61-528fab4403a4 : GET	undefined	/employees/1 
23-10-2023 15:18:35 4df33ba7-5ff9-4dc2-9fee-467ad61bd3dd : GET	undefined	/employees 
23-10-2023 15:18:42 2ba6d000-e00a-4351-b4a5-c870e74c7576 : POST	undefined	/employees 
23-10-2023 15:18:53 174f4f60-110d-465a-82c2-13ef976648ad : GET	undefined	/employees/1 
23-10-2023 15:18:56 ea7ee125-2d14-48d6-9ef3-d3af3a47b7c2 : GET	undefined	/employees 
23-10-2023 15:19:03 b9e9b560-3950-42f7-8716-4ddc37a1784c : POST	undefined	/employees 
23-10-2023 15:20:39 555d0223-fd98-4098-bcc8-0057c094fa57 : POST	undefined	/employees 
23-10-2023 15:22:16 57a89c65-853d-446c-aacb-8d62d042b445 : POST	undefined	/employees 
23-10-2023 15:22:22 2af0b46e-2519-4df4-b540-7c44d2c1f983 : GET	undefined	/employees 
23-10-2023 15:22:42 bb75192e-e543-466f-a90d-176fafad0def : POST	undefined	/employees 
23-10-2023 15:22:59 5a82d7c1-e284-4b0c-bb39-00c1f1f523cf : POST	undefined	/employees 
23-10-2023 15:25:46 48b8fde4-6ed0-40f2-9cff-249d4cb4cf1e : POST	undefined	/employees 
23-10-2023 15:25:53 57f4e324-3ad3-4711-938f-925ed88fb27e : POST	undefined	/employees 
23-10-2023 15:26:03 d3dd738b-0180-44c4-b996-fd40af103ed4 : POST	undefined	/employees 
23-10-2023 15:32:46 4480789d-c80d-4001-a79d-c03e2a076b1e : GET	undefined	/employees 
23-10-2023 15:33:02 65ce5cce-bd84-45ca-ab86-06ca538e5dac : PUT	undefined	/employees 
23-10-2023 15:33:15 f5d5d017-7f57-4eeb-9e35-a3f40a53d779 : PUT	undefined	/employees 
23-10-2023 15:33:22 18aced90-833d-44d7-b10e-83e342064e6c : POST	undefined	/employees 
23-10-2023 15:33:29 00903fe4-28d2-4ba8-92fe-3c76d10a34b6 : POST	undefined	/employees 
23-10-2023 15:33:31 cbb1feff-4d1b-4a7e-9931-e5fb0cc9bc9c : POST	undefined	/employees 
23-10-2023 15:33:34 21b4869a-e8b6-4851-9b16-2b7e2a4f6c6c : POST	undefined	/employees 
23-10-2023 15:33:37 0294d9bc-d8b0-4d96-aaec-ca1fc4981e6a : PUT	undefined	/employees 
23-10-2023 15:35:24 4939292b-d9d8-46dd-82f2-ffa74028ff7f : GET	undefined	/employees 
23-10-2023 15:35:35 b6fe8e6a-9743-46b6-addb-924c34b82dca : DELETE	undefined	/employees 
23-10-2023 15:35:48 30917baf-d8cc-4034-8b20-56367ad16f47 : GET	undefined	/employees 
23-10-2023 15:35:52 b9faa6a1-b6e0-400e-b16b-ddda23ffeda3 : POST	undefined	/employees 
23-10-2023 15:35:58 fd32d41b-7d38-4a16-af7a-868cc98ea7fa : POST	undefined	/employees 
23-10-2023 15:36:06 9ac1a13c-9e72-448b-8d79-7a87737d247a : DELETE	undefined	/employees 
23-10-2023 15:36:56 00e25ff5-7444-4016-9093-7a63db70a1d5 : DELETE	undefined	/employees 
23-10-2023 15:37:11 41a65240-e5cf-4a87-920e-418dd1d7f80b : GET	undefined	/employees 
23-10-2023 15:37:13 26ebd099-6219-4788-b8d1-760ca1d07f1c : GET	undefined	/employees 
23-10-2023 15:37:16 0dabad3d-6a45-4565-8ec6-9b1ff58dfb01 : POST	undefined	/employees 
23-10-2023 15:37:23 065eb2b2-0501-406c-ba79-dacbbef3e59e : DELETE	undefined	/employees 
23-10-2023 15:37:29 619c29ac-f3f9-474d-a8d3-a0c9491f976a : DELETE	undefined	/employees 
23-10-2023 15:37:33 2102706f-17d7-4e59-9963-bc392ae71a72 : DELETE	undefined	/employees 
23-10-2023 21:21:58 84040b0d-9c7d-4bc9-97f6-f9159ab57776 : POST	undefined	/register 
23-10-2023 21:24:14 772b1f56-a2d1-4f4e-a917-9b8a2aeae914 : POST	undefined	/register 
23-10-2023 21:25:02 ab0727f3-7cb9-42e6-9550-60704ca71d49 : GET	undefined	/register 
23-10-2023 21:29:24 b4ae506f-c90b-42f9-b906-c6472173d778 : POST	undefined	/register 
23-10-2023 21:30:32 77c32566-3f88-432c-a752-ab0d15e05d7a : POST	undefined	/register 
23-10-2023 21:31:36 0cf1b07c-f8c1-468a-9430-bae118084bd8 : POST	undefined	/register 
23-10-2023 21:33:15 5ae86b7f-0157-42ed-980a-acfec49d5251 : POST	undefined	/register 
23-10-2023 21:33:53 dd70b3b6-5b09-49f2-907a-5c431c2f7f54 : POST	undefined	/register 
23-10-2023 21:35:41 4803144d-ebda-4d2a-8d55-55ce85bcff05 : POST	undefined	/register 
23-10-2023 21:36:26 9bf962a5-c86c-41d2-9286-b4512143f005 : POST	undefined	/register 
23-10-2023 21:36:29 757eb57a-be95-45a1-ad23-70e2a2bf88f2 : POST	undefined	/register 
23-10-2023 21:36:34 5fe5dbd3-bc7f-47e3-a9bc-e3707961821c : POST	undefined	/register 
23-10-2023 21:36:40 932ef327-5bf6-4847-80bf-eb1b73bb06fa : POST	undefined	/register 
23-10-2023 21:39:28 fa20c7b4-910a-45a4-a93b-0cb8e9b60545 : POST	undefined	/register 
23-10-2023 21:39:39 7f06f48a-7ce0-47c0-86c6-4c1a3119d0dc : POST	undefined	/register 
23-10-2023 21:39:53 04c9cd9b-b211-4fd6-b043-051393252679 : POST	undefined	/register 
23-10-2023 21:39:57 e41568a3-4768-4523-878a-39ebeb3c2c70 : POST	undefined	/register 
23-10-2023 21:54:45 d380af98-a3e1-4e09-b51b-41fb5f2ff2b7 : POST	undefined	/register 
23-10-2023 21:54:49 5d752ae5-441c-481a-ac5a-5e7c6d9f826b : POST	undefined	/register 
23-10-2023 22:37:14 06b7e4ff-d1ad-46f5-8728-655cf8fdb436 : POST	undefined	/auth 
23-10-2023 22:37:20 e01a3fb1-a0ac-499d-963e-8540eed9c6ad : POST	undefined	/auth 
23-10-2023 22:37:27 41db4b62-9a38-4495-90a8-8c7d05829bbb : POST	undefined	/auth 
23-10-2023 22:37:42 cb84fdfc-b9e5-4153-b04a-92c83493ee20 : POST	undefined	/auth 
24-10-2023 09:25:50 d0ea0f92-70b8-4891-8b10-777f68f9b5d2 : GET	undefined	/employees 
24-10-2023 09:26:08 1eeff8ba-a237-42b4-a34a-b76b3d20a5c8 : POST	undefined	/register 
24-10-2023 09:26:22 977034ef-e289-481e-bff3-215dcb2d3107 : POST	undefined	/auth 
24-10-2023 09:26:56 8d8fe62a-bf74-4e50-bfdc-4a8e669f199b : POST	undefined	/auth 
24-10-2023 09:27:38 068c689a-bd21-41de-8b22-c1ce78a022f2 : POST	undefined	/auth 
24-10-2023 09:28:45 fe5aeb06-f8de-4cfe-b6e8-2464dacf19ae : POST	undefined	/auth 
24-10-2023 09:29:27 b5bd4efd-03b5-4b84-9895-28b9603f1c8f : POST	undefined	/auth 
24-10-2023 09:29:31 ff9a504c-c079-47dd-8d0d-ed656fe0ad74 : POST	undefined	/auth 
24-10-2023 09:29:47 9eee1ecf-1d0b-4e59-bda8-6dd09d286bdd : POST	undefined	/auth 
24-10-2023 09:30:35 655d0a6e-420e-4d64-96d1-803463d2f3b8 : POST	undefined	/employees 
24-10-2023 09:30:42 cd7a57f7-eef1-49d6-85b4-19a421b94043 : POST	undefined	/employees 
24-10-2023 09:30:43 01e5e73a-4f4c-40ab-91d9-c47ce0d4c306 : POST	undefined	/employees 
24-10-2023 09:30:44 40bea5a5-5b0b-459f-a75c-f83ec7dca10d : POST	undefined	/employees 
24-10-2023 09:30:45 ecaf11b3-0fc5-44e8-89de-0163741e2e7a : POST	undefined	/employees 
24-10-2023 09:30:53 964e2d43-1635-437b-ab63-53477a847c34 : POST	undefined	/employees 
24-10-2023 09:31:34 6e3d3160-d10d-48cb-9593-dde35d0a5339 : GET	undefined	/employees 
24-10-2023 09:31:37 3c47e4a4-1bf9-40fa-9f48-871f14eb40d0 : POST	undefined	/auth 
24-10-2023 09:31:54 d8964c61-3a15-44c3-8e65-768ffcd26f8c : GET	undefined	/employees 
24-10-2023 09:32:00 00390fb1-d054-4b90-8fa4-0a1db32906f0 : GET	undefined	/employees 
24-10-2023 09:32:42 6eb31c42-d77f-45a2-a58e-679d36fe25dc : GET	undefined	/employees 
24-10-2023 09:32:46 a985c3da-f063-444d-9ede-356b59b6235c : GET	undefined	/employees 
24-10-2023 09:32:51 8dbf1ad5-0d5b-41f6-81e4-0091afe6d193 : POST	undefined	/auth 
24-10-2023 09:32:57 1f739f68-bde9-477f-a23e-88bb09e76a91 : GET	undefined	/employees 
24-10-2023 09:33:07 7feeee7f-0bbb-4bad-bb80-3e2e9077e2ea : GET	undefined	/employees 
24-10-2023 09:33:46 2908839e-b66a-4e4a-8558-3c69a6b910d9 : GET	undefined	/employees 
24-10-2023 09:33:52 8bff8008-3903-4924-9d41-792960e191d0 : POST	undefined	/employees 
24-10-2023 09:33:55 b759f6d7-cb5e-4b81-b325-916f364af43d : GET	undefined	/employees 
24-10-2023 09:33:59 0da661fa-bf86-4827-a204-a5faa4e5c2a5 : POST	undefined	/auth 
24-10-2023 09:34:10 4a7d6672-c0c2-4b3c-b170-6e8534176332 : GET	undefined	/employees 
24-10-2023 09:34:22 b7a5c4b8-c74c-4ba5-8b38-a57532a160b5 : GET	undefined	/employees 
24-10-2023 09:34:23 46b3d286-74f4-49d2-9e9f-44e973cf51a4 : GET	undefined	/employees 
24-10-2023 09:34:26 2a20be32-f83a-4bcb-af8d-23cc7db06ffb : POST	undefined	/employees 
24-10-2023 09:34:28 3b3bdf85-5168-4ba7-9708-76b52b2230c9 : GET	undefined	/employees 
24-10-2023 09:34:32 32a038da-5d17-4fe2-82ed-1dc473191578 : POST	undefined	/employees 
24-10-2023 09:34:34 9720edf5-6082-48e2-b683-2650ca287eca : GET	undefined	/employees 
24-10-2023 09:34:38 f9ae94e8-8b2c-4a3f-81de-82f73986a064 : GET	undefined	/employees 
24-10-2023 09:34:38 16b6dfd7-34ea-4407-8011-40ae98832bc5 : GET	undefined	/employees 
24-10-2023 09:34:39 4aebe7dc-8424-46fd-9a35-b76729c98f3a : GET	undefined	/employees 
24-10-2023 09:34:39 1d85aeb3-673b-46fd-90c2-ca908e335437 : GET	undefined	/employees 
24-10-2023 09:34:40 c74e405f-f873-41ea-a3fa-2a124ff2dd69 : GET	undefined	/employees 
24-10-2023 09:34:43 7e71f492-1e35-4e2c-b4cb-cbd21277dfc4 : POST	undefined	/auth 
24-10-2023 09:35:17 b439f684-4922-4f9d-b821-a726c69dca05 : POST	undefined	/auth 
24-10-2023 09:35:21 984a0b21-a7a6-4cd5-a4b3-81e6c74c1fc4 : POST	undefined	/auth 
24-10-2023 09:42:02 9e6ee3e6-500d-45f4-bbde-a97a0582d2b7 : GET	undefined	/employees 
24-10-2023 09:42:05 ff32f7e6-6b64-4a2b-82db-def2fcc5ac2f : POST	undefined	/auth 
24-10-2023 09:42:16 aa8ac2c0-06bc-40c0-a012-850832d52da1 : GET	undefined	/employees 
24-10-2023 09:42:23 3b33f522-e90e-462a-9ab3-5cac6246e102 : GET	undefined	/employees 
24-10-2023 09:42:24 6e3ff86a-73e2-4c4b-bfb6-b8a3737c7ed2 : POST	undefined	/employees 
24-10-2023 09:42:26 a2bb6ccc-9883-4db0-bef3-1c814e35cb7b : GET	undefined	/employees 
24-10-2023 09:42:28 9451bc16-c34a-48f2-b72d-2b5d00d47787 : GET	undefined	/employees 
24-10-2023 09:42:29 bad083d8-77c6-4e41-972e-ec33918c0d94 : POST	undefined	/auth 
24-10-2023 09:42:38 df6cccb3-9048-4ee1-a393-3ba25869ac03 : GET	undefined	/employees 
24-10-2023 09:43:06 bf30df80-91aa-4df1-a845-60a385b983a4 : POST	undefined	/auth 
24-10-2023 09:43:23 49114522-4c18-4212-a033-5ade876730e7 : POST	undefined	/auth 
24-10-2023 09:43:38 77240067-cd56-4a5d-9bbd-9000751714e0 : GET	undefined	/employees 
24-10-2023 09:43:41 37e8c0d2-d488-40e6-b141-7cf347e9c021 : POST	undefined	/employees 
24-10-2023 09:43:43 3a5b8fbd-f8da-4944-b216-e6f2c0e55534 : GET	undefined	/employees 
24-10-2023 09:44:39 c3605462-0dd3-4b58-8403-aecccd9cc0a7 : GET	undefined	/employees 
24-10-2023 09:47:42 c65e23f8-812a-4d24-b5b9-50b2c036fa4d : GET	undefined	/employees 
24-10-2023 09:47:44 3c3a2baa-4e8b-4fa8-8b45-719d9233538b : GET	undefined	/employees 
24-10-2023 09:47:46 b012562c-19c8-44f9-8900-0380c5babc4c : POST	undefined	/auth 
24-10-2023 09:47:54 b59a81af-1b77-4306-81c9-f9df67f90a29 : GET	undefined	/employees 
24-10-2023 09:47:59 4b60dfc0-d1ac-4115-b5ca-fb662d2d6fc7 : POST	undefined	/register 
24-10-2023 09:48:06 3a7eab08-7a8e-4c77-81c8-1a81c1434431 : GET	undefined	/employees 
24-10-2023 09:48:16 bde935e2-21bc-4d43-b989-4cb0ff261f5c : GET	undefined	/employees 
24-10-2023 09:48:19 46b50c64-078c-40c7-8c24-b96266a2e6d5 : GET	undefined	/employees 
24-10-2023 09:48:22 3bf92863-af55-46a9-a430-da32f19d56bf : POST	undefined	/employees 
24-10-2023 09:48:25 37c4fe83-dfb6-43d0-9c59-b245671927d3 : GET	undefined	/employees 
24-10-2023 09:48:32 5cf0585b-ccd5-49b3-8f78-80240a4c401b : GET	undefined	/employees 
24-10-2023 09:48:33 a3f68dbb-6854-4e62-a591-766a2ef52039 : GET	undefined	/employees 
24-10-2023 09:48:33 bdb1de44-eec2-4a45-bb3c-d7c13b094101 : GET	undefined	/employees 
24-10-2023 09:48:33 709ae0d8-cbde-4232-8573-a460e7dd8a57 : GET	undefined	/employees 
24-10-2023 09:48:48 a81ddfa7-64c3-45eb-bb0c-76841d702e72 : POST	undefined	/employees 
24-10-2023 09:48:51 3696a7dd-5ebc-4d23-a9a2-a2f45a892e89 : GET	undefined	/employees 
24-10-2023 09:48:54 5d4f3c54-2b2b-440b-b05c-9f6c822ae8df : POST	undefined	/auth 
24-10-2023 09:49:00 21f9e1e5-75d1-4c25-aefb-c0bcb6daff51 : GET	undefined	/employees 
24-10-2023 09:49:49 f26666a3-eccd-4f76-9b08-424437af9fdf : PUT	undefined	/employees 
24-10-2023 09:49:57 3c209cce-70e1-48a8-a218-91faf16687ed : GET	undefined	/employees 
24-10-2023 09:50:11 a9b1378d-33a7-4fc8-95a1-3c2b3a1d3649 : POST	undefined	/auth 
24-10-2023 09:50:19 f384d3ff-8ca9-4fd5-a000-efe3e6b90085 : GET	undefined	/employees 
24-10-2023 09:53:56 0d76774b-d880-4d81-b278-a055d282c772 : POST	undefined	/auth 
24-10-2023 09:54:04 6c874395-62b2-4b14-9bd5-82e61e2c19ed : GET	undefined	/employees 
24-10-2023 09:54:18 3b06ea38-1520-4623-8b60-5c12e72f1cc4 : GET	undefined	/employees 
24-10-2023 09:54:30 26c28111-f2f2-41ba-9391-81a2714f0aeb : POST	undefined	/employees 
24-10-2023 09:54:35 5d664903-9eeb-42fb-838e-6bf6799ff57e : GET	undefined	/employees 
24-10-2023 09:54:48 66e36efa-814c-472b-acab-3745822233d9 : PUT	undefined	/employees 
24-10-2023 10:13:40 898fa1de-c187-4d1e-b979-235eaf4b1140 : POST	undefined	/auth 
24-10-2023 10:13:48 fa66bedb-1e13-4434-a5b6-50193ee492cd : POST	undefined	/auth 
24-10-2023 10:13:57 ddc54354-d26e-42f3-ae60-6f42a9097783 : GET	undefined	/employees 
24-10-2023 10:14:04 3f364ff5-9dc8-49e0-be6d-5a6d5d80c4fc : POST	undefined	/auth 
24-10-2023 10:14:12 48aaabd3-6b46-41eb-9a31-0baee45059e3 : GET	undefined	/employees 
24-10-2023 10:28:06 21540f2f-f43e-43e7-bd98-9f300f6adcb8 : GET	undefined	/employees 
24-10-2023 10:29:11 f4bbab94-dd56-4feb-9366-7738b8fcf8ec : POST	undefined	/auth 
24-10-2023 10:29:18 88b1d4b5-75cd-4659-8e5f-3ae90a971667 : GET	undefined	/refresh 
24-10-2023 10:30:10 91339167-7d9f-4233-945a-f35fba39cdc3 : GET	undefined	/refresh 
24-10-2023 10:30:35 eab00f0f-042f-4f3a-be2e-f47b2606ac22 : GET	undefined	/refresh 
24-10-2023 10:30:42 ba08de58-c59f-4142-9c49-976eba7abdac : POST	undefined	/auth 
24-10-2023 10:30:48 f6f59b9b-1614-4e64-9679-1da607b9bef8 : GET	undefined	/refresh 
24-10-2023 10:31:38 4b82f78b-9860-4f2e-8bb6-a85392b525cf : GET	undefined	/refresh 
24-10-2023 10:33:27 361e5b23-f74f-45e3-a556-d891ed20891a : GET	undefined	/refresh 
24-10-2023 10:33:52 6c49681e-04d5-4d60-8c62-3319bf80588f : POST	undefined	/auth 
24-10-2023 10:34:47 e2cb0a95-8141-413f-b52c-7956aa70fd56 : POST	undefined	/auth 
24-10-2023 10:34:56 381222f1-f981-4e8b-a5bc-35afca458375 : GET	undefined	/refresh 
24-10-2023 10:35:07 d7703044-c8e0-47e0-9905-4a5c8d67d35d : GET	undefined	/refresh 
24-10-2023 10:36:12 2497edbd-c141-48c7-85d2-652019bde075 : GET	undefined	/refresh 
24-10-2023 10:36:33 5c0eed5b-aae0-4082-8a6e-2073b5b738e4 : GET	undefined	/refresh 
24-10-2023 10:36:45 17a6f4e8-3ba4-4c40-af29-f10e4cb56558 : GET	undefined	/refresh 
24-10-2023 10:37:02 3775f9a3-5cbe-45eb-931e-b0a4c7b68c5f : GET	undefined	/refresh 
24-10-2023 10:37:17 60e76a6b-c5b2-4161-be6f-8a796827695f : GET	undefined	/employees 
24-10-2023 10:37:24 4769570e-d7bb-47d8-b009-4b9fe6c3bfee : GET	undefined	/employees 
24-10-2023 10:37:38 fc98a2a3-340f-4e39-97d9-70e7d32cc7d4 : GET	undefined	/employees/1 
24-10-2023 10:37:48 95739a79-06f2-4a5d-9309-98c093892b58 : GET	undefined	/employees 
24-10-2023 10:37:52 4b3d6573-9950-4381-94f9-1f2572a62695 : GET	undefined	/employees/1 
24-10-2023 10:38:31 db34e561-2c88-4698-8f56-7e64a25e5cff : GET	undefined	/employees/1 
24-10-2023 10:38:32 258e7ee4-c580-42e3-b499-91bf0831366a : GET	undefined	/employees/1 
24-10-2023 10:39:06 aca955d6-6e83-4bc1-809a-61306f65de0a : GET	undefined	/employees/1 
24-10-2023 10:39:07 fea0369d-a240-41ee-a21f-c9787bfb3781 : GET	undefined	/employees/1 
24-10-2023 10:39:38 d6e6db26-d65b-4202-9aff-ce9dcce7ff5b : GET	undefined	/employees/1 
24-10-2023 10:39:54 84fab1d9-8177-4ffb-918d-fbcf13939be8 : GET	undefined	/employees/1 
24-10-2023 10:40:12 07f021b3-8e85-4f11-adbc-2736bee99a11 : GET	undefined	/employees/1 
24-10-2023 10:40:16 fbc2d895-0e5c-4ebb-b4ed-590c657b39f8 : GET	undefined	/employees/2 
24-10-2023 10:40:19 de383891-ead4-450b-9ab8-48ae37bfe1fc : GET	undefined	/employees/4 
24-10-2023 10:41:11 15e57f80-362d-41b6-9ed6-5b0262cf36c0 : GET	undefined	/employees 
24-10-2023 10:41:15 b945aef4-870a-491f-91ac-ce8804b923f0 : GET	undefined	/refresh 
24-10-2023 10:41:17 03079e08-59d4-41b6-b05d-ffd89d68f2b7 : GET	undefined	/employees 
24-10-2023 10:41:22 0c6fa4e2-126c-4d5d-bad6-dc6d9f81ae80 : GET	undefined	/employees/4 
24-10-2023 10:41:33 c7ff7863-1e4f-4793-ace8-7f30c31865a9 : GET	undefined	/employees/4 
24-10-2023 10:41:38 8f6787df-dbce-46a8-bc9d-b540f0b2ca75 : GET	undefined	/employees/4 
24-10-2023 10:58:36 3df9e699-ece5-43ee-9216-c67b292cda05 : GET	undefined	/employees/4 
24-10-2023 10:58:38 cd1cd581-d42a-4b5c-b56e-dd531d661a0a : GET	undefined	/employees/4 
24-10-2023 10:58:41 789043c0-c42d-4ca0-ad44-4f2d09318f16 : GET	undefined	/refresh 
24-10-2023 10:58:46 a75218b4-fe5e-4344-9f94-661b177393c0 : GET	undefined	/employees 
24-10-2023 10:58:48 82ffb860-7097-404b-95f4-6da5296f6bed : GET	undefined	/refresh 
24-10-2023 10:58:51 98e6650b-d30c-44ab-9074-d362a1458997 : GET	undefined	/employees/4 
24-10-2023 10:58:53 a167ba60-aa4b-4622-83c6-9b3275605f22 : POST	undefined	/employees 
24-10-2023 10:59:19 59399e6f-dce2-45be-b699-bab4c430cdc2 : POST	undefined	/employees 
24-10-2023 10:59:23 7bae0325-6345-4035-9165-d1b9b40c9ac9 : POST	undefined	/employees 
24-10-2023 10:59:35 17efd0de-69e7-4fd2-951e-87930079525e : POST	undefined	/employees 
24-10-2023 10:59:36 780dbdb6-3e1a-4486-91b5-e51b188cd5f9 : POST	undefined	/employees 
24-10-2023 10:59:37 60adc6d1-1f48-48c6-9891-ae0af871e1b7 : POST	undefined	/employees 
24-10-2023 10:59:38 3f8bd940-d1c2-4b6b-be88-e99882bcf033 : GET	undefined	/refresh 
24-10-2023 10:59:47 54a798ee-1417-4209-84b1-5bdbffee3251 : GET	undefined	/employees/4 
24-10-2023 10:59:48 7a6aec66-54a8-4826-8af2-6df8822bf524 : GET	undefined	/employees/4 
24-10-2023 10:59:51 5038b478-0e0a-4112-bc90-87d6972d75e6 : GET	undefined	/employees/4 
24-10-2023 10:59:57 45fd108e-ffe4-492e-9cae-558c2144fa78 : POST	undefined	/employees 
24-10-2023 11:00:17 e85d4679-8f71-449e-b6a6-f706e4615655 : DELETE	undefined	/employees 
24-10-2023 11:00:24 555c006c-951c-4f40-8487-6f9f65c58388 : DELETE	undefined	/employees 
24-10-2023 11:00:43 6e38c3d8-0a26-49d6-9e66-eea841386bee : DELETE	undefined	/employees 
24-10-2023 11:00:49 709b3ecd-e821-413b-a734-f6cb68a47183 : DELETE	undefined	/employees 
24-10-2023 11:00:52 5452349e-778a-4f19-be81-1810e8dbf5c9 : GET	undefined	/employees 
24-10-2023 11:01:01 6e5e0104-4894-4df4-8024-5bcd67065e8c : DELETE	undefined	/employees 
24-10-2023 11:01:04 251b6454-2327-4186-af3e-673fcc2172bd : DELETE	undefined	/employees 
24-10-2023 11:01:08 745994bd-dd77-42f9-a171-3db8d3dabf55 : DELETE	undefined	/employees 
24-10-2023 11:01:09 a9bb0ba7-1a48-428b-84dc-b0881591b6fc : GET	undefined	/employees 
24-10-2023 11:19:11 762633f5-4cfd-4fc5-8c29-b80cb7e135c9 : GET	undefined	/logout 
24-10-2023 11:19:34 638d7afe-3b22-453a-b380-02327ae6582a : GET	undefined	/logout 
24-10-2023 11:20:39 48ec0a19-bd99-4a1e-9cda-02b2d593fdf2 : GET	undefined	/logout 
24-10-2023 11:21:37 e4b3c3e5-fb6e-421c-a645-0c44543f2c72 : GET	undefined	/logout 
24-10-2023 11:22:56 7214e887-a141-4672-98a1-4af2553b0458 : GET	undefined	/logout 
24-10-2023 11:24:11 a42e12e9-c78f-4844-a5cc-3c17a8a38b91 : GET	undefined	/logout 
24-10-2023 11:24:26 cf0fa2f8-9044-4a4e-9bf6-d6e7cc90b0df : GET	undefined	/logout 
24-10-2023 11:24:36 332ca70b-2009-4c16-8a59-78caec0e51aa : GET	undefined	/logout 
24-10-2023 11:24:56 03a316dc-c708-4880-bae8-7ba3873c11b6 : GET	undefined	/logout 
24-10-2023 11:27:07 62a2c870-8db8-4562-a494-c3815590e7d1 : GET	undefined	/logout 
24-10-2023 11:27:26 ef5df274-8823-41ee-9ed9-4d63e7f61734 : GET	undefined	/logout 
24-10-2023 11:28:12 e6b0db7f-303d-47ad-836e-70ea34f36682 : GET	undefined	/logout 
24-10-2023 11:29:00 af4bcaf5-0806-4244-bfb2-8871d8c18c30 : GET	undefined	/logout 
24-10-2023 12:04:39 a38fa54d-b1f0-4648-8cd5-5552ef20ed9d : GET	undefined	/refresh 
24-10-2023 12:04:50 7f0a2ef7-caeb-427a-8f28-6887b1e6cd99 : GET	undefined	/refresh 
24-10-2023 12:04:52 25119aa3-293e-414c-a225-916a33fda066 : GET	undefined	/logout 
24-10-2023 12:05:35 ec330c92-e2df-4086-b839-cd4b8c646228 : POST	undefined	/auth 
24-10-2023 12:05:56 4b96dfd2-d154-43c2-8ef7-80bf9b8b8a9f : GET	undefined	/employees 
24-10-2023 12:06:43 2953ab6e-1178-441c-b154-71171bdf65c4 : GET	undefined	/logout 
24-10-2023 12:07:01 8459a640-7e63-4482-9991-0b5e9c0f1264 : GET	undefined	/refresh 
24-10-2023 12:07:16 18f3b13f-f6fe-4729-b846-9fc0648cb7a5 : POST	undefined	/auth 
24-10-2023 12:07:35 73e3e1ec-3763-441d-bb89-a536d4c1b9b7 : POST	undefined	/auth 
24-10-2023 12:07:41 5c03b965-83a7-4878-a803-4d94f274b764 : GET	undefined	/refresh 
24-10-2023 12:08:01 27135bf2-9daa-477f-9f6d-362ba62e9b7f : GET	undefined	/refresh 
24-10-2023 12:08:15 cc417f1e-387a-4ba9-84d6-e0da441beec1 : GET	undefined	/employees 
24-10-2023 12:08:31 713d3780-83c5-4df5-ad0a-ff44274824f8 : DELETE	undefined	/employees 
24-10-2023 12:08:36 1afddfc5-477f-4f28-b15d-e4ace55acf59 : DELETE	undefined	/employees 
24-10-2023 12:08:40 d8bea93a-d00d-477a-b883-711072ffde07 : DELETE	undefined	/employees 
24-10-2023 12:08:44 12c75458-7645-4f85-93af-6cfe11730142 : DELETE	undefined	/employees 
24-10-2023 12:08:46 4a67dc05-f305-45f1-a2e8-b9c04213a53f : DELETE	undefined	/employees 
24-10-2023 12:08:50 41361af0-2561-400c-9873-c1d4f90927f5 : GET	undefined	/employees 
24-10-2023 12:09:43 2db7e8b2-ad8b-446e-8f29-4314ce6817c2 : GET	undefined	/employees 
24-10-2023 12:09:46 a189de44-e572-457d-8e7a-065d1235864b : DELETE	undefined	/employees 
24-10-2023 12:09:50 f53dd50e-6867-4f05-af72-bfc35a8b0605 : DELETE	undefined	/employees 
24-10-2023 12:09:52 8462ebc9-21a0-493f-b9ed-b8b81209d660 : DELETE	undefined	/employees 
24-10-2023 12:09:57 10aae3e5-6985-40e9-92c1-ef4b9d0ab4e4 : DELETE	undefined	/employees 
24-10-2023 12:10:00 8c12dcb3-be62-4270-b172-c5754f181bde : DELETE	undefined	/employees 
24-10-2023 12:10:06 901a32aa-efd9-4474-8236-819880b87146 : GET	undefined	/employees 
24-10-2023 12:10:26 656a4983-afc7-470b-8636-89c6b4a3b77c : GET	undefined	/employees 
24-10-2023 12:10:30 84e378ff-7612-4cc9-9c07-3a1a139ca82f : GET	undefined	/refresh 
24-10-2023 12:11:38 c7bf1c05-53b0-4fab-9caf-ec7787e316ad : GET	undefined	/refresh 
24-10-2023 12:11:52 0e6a6181-06b9-4ae6-9e70-51dee81db317 : GET	undefined	/refresh 
24-10-2023 12:12:02 23dbfca9-b101-4237-bcda-36f5c7838f13 : GET	undefined	/refresh 
24-10-2023 12:12:44 09b7b7dc-df9a-49c5-ba5f-dfc70794f322 : GET	undefined	/refresh 
24-10-2023 12:13:14 54cc3ac1-d818-4130-b792-8cca4f31d848 : GET	undefined	/refresh 
24-10-2023 12:13:41 34c09bc4-383c-4ce3-bf11-10cbfdd92a83 : POST	undefined	/auth 
24-10-2023 12:13:52 c14ffe53-8473-4d97-9012-bab37bc48ecf : POST	undefined	/auth 
24-10-2023 12:13:56 55fe9634-675d-40b4-8331-e0593e61cb1f : GET	undefined	/refresh 
24-10-2023 12:15:47 31db9080-6808-47f7-a0d5-9f5e0867eee4 : GET	undefined	/refresh 
24-10-2023 12:15:53 cfd7746f-68dd-4764-9c0e-695117933400 : POST	undefined	/auth 
24-10-2023 12:15:58 07d65ee5-b319-4bb3-adf5-2140fbb4e85e : GET	undefined	/refresh 
24-10-2023 12:16:22 d5b0cad2-df57-4afb-bc3d-c4a9deaefc1c : GET	undefined	/employees 
24-10-2023 12:16:25 5dce64f7-03b0-45e4-b390-2d29f47c15d2 : GET	undefined	/employees 
24-10-2023 12:16:50 1415f9cc-b8a8-41a2-b2d1-fce5673d81fb : PUT	undefined	/employees 
24-10-2023 12:17:24 f990f875-92d0-482d-b2ce-991bf1f91575 : PUT	undefined	/employees 
24-10-2023 12:17:48 58148a65-7213-4712-94b5-4db4c02ab1ab : PUT	undefined	/employees 
24-10-2023 12:17:59 f1b8dc41-5374-4015-8d7c-e45079b6eed0 : GET	undefined	/refresh 
24-10-2023 12:18:00 a9d41fe2-f36e-4893-a3e9-c54492ea4c39 : GET	undefined	/refresh 
24-10-2023 12:18:00 db2b8c4c-3d59-462a-811f-b5d2fca89a54 : GET	undefined	/refresh 
24-10-2023 12:18:44 d19515f3-dd81-43a4-8e81-12d872188c4d : POST	undefined	/auth 
24-10-2023 12:18:50 bb6d3af2-4ada-4775-bd89-9d9b26f25364 : GET	undefined	/refresh 
24-10-2023 12:19:58 29e844b6-6108-48a4-80bc-5e059b7287e9 : GET	undefined	/refresh 
24-10-2023 12:20:20 90890954-6cc1-4e37-b516-5539bcde187b : GET	undefined	/logout 
24-10-2023 12:20:23 cfd15c45-4421-4f4b-8d08-4632d76da315 : GET	undefined	/logout 
24-10-2023 12:20:27 79067279-123d-451c-b27c-a96717f9f42b : GET	undefined	/logout 
24-10-2023 12:20:33 49184c81-4d24-414f-88c2-0185cfe55133 : GET	undefined	/refresh 
24-10-2023 12:20:37 5e1b1425-a6ae-43db-a801-07d71257bbcf : POST	undefined	/auth 
24-10-2023 12:20:39 d055d437-528f-4b3d-b117-9dc6559c0a45 : GET	undefined	/refresh 
24-10-2023 12:20:41 d06d27be-1dfd-4999-a697-5fbfea2dfa51 : GET	undefined	/refresh 
24-10-2023 12:20:57 16e7bfda-1d49-40a4-bfc7-d7e0d63c03f5 : GET	undefined	/employees 
24-10-2023 12:21:01 bbfc2b57-a4a4-4e60-ab8f-a232e5765afb : GET	undefined	/logout 
24-10-2023 12:21:03 2ea0bcfe-316d-4298-a39e-376269962e66 : GET	undefined	/logout 
24-10-2023 12:21:06 e9c85719-7432-4a08-b6c3-6126843b8c86 : GET	undefined	/logout 
24-10-2023 12:21:10 778beb17-9b8d-4705-8de2-2a61f97edf17 : GET	undefined	/refresh 
24-10-2023 12:34:25 846871b1-f6d0-491d-b791-0f1597e1cf20 : POST	undefined	/register 
24-10-2023 12:34:31 666159e5-668a-49dc-8b5a-8887588e581b : POST	undefined	/register 
24-10-2023 13:55:43 65242426-ec67-4d55-b6e7-faf275a39e87 : GET	undefined	/employees 
24-10-2023 13:56:16 01832841-3423-4822-9918-5d893a7afbad : POST	undefined	/auth 
24-10-2023 13:56:25 78022a80-73fe-4983-9860-2d6d515306d6 : GET	undefined	/employees 
24-10-2023 13:56:43 93875589-e862-4f28-894f-3e2f6ff91ccc : GET	undefined	/employees/4 
24-10-2023 13:57:20 94b16100-af25-4bec-8b12-e793cd33c759 : GET	undefined	/employees 
24-10-2023 13:57:36 4e484f28-3280-4408-b718-44aafe0a51b3 : GET	undefined	/employees 
24-10-2023 13:57:41 d1af53d4-71f0-46ce-9f99-28bfd39ae6c4 : GET	undefined	/employees 
24-10-2023 13:58:16 1c273415-c3d7-45b9-a018-2cc8406567c4 : POST	undefined	/employees 
24-10-2023 13:59:26 be3ab816-ea87-481a-8d3c-e67cc9772b2e : POST	undefined	/employees 
24-10-2023 14:00:13 998f4cc4-a654-4e04-bb27-65e5821505f7 : POST	undefined	/employees 
24-10-2023 14:01:12 b05f2636-d4ce-4eae-bab7-0477cd15adbd : POST	undefined	/employees 
24-10-2023 14:03:07 e0e14d4d-21e2-4310-87a7-225c1905d233 : POST	undefined	/employees 
24-10-2023 14:03:21 2d423ad3-faee-4aa8-bc57-be9d2ae5e0d1 : POST	undefined	/auth 
24-10-2023 14:03:40 1fc10042-8886-41cf-aa31-b1e3b40163a0 : POST	undefined	/employees 
24-10-2023 14:05:01 ce90d948-6477-4235-a28c-f4cce71460e1 : POST	undefined	/employees 
24-10-2023 14:06:48 7628ecd2-0575-4db4-9e6e-af7abd54aaad : POST	undefined	/employees 
24-10-2023 14:06:53 bd82797d-42ad-4daf-981a-ae2e2da6b584 : POST	undefined	/employees 
24-10-2023 14:07:35 cc1ec83c-051c-4fca-8a90-a461e692399a : POST	undefined	/employees 
24-10-2023 14:08:14 eba7bf1d-0149-44dd-8ecd-f57b4efccc66 : POST	undefined	/employees 
24-10-2023 14:09:41 5bba3114-b553-4a2d-b6db-e96881a94db5 : POST	undefined	/employees 
24-10-2023 14:09:49 40f17d5a-a925-4328-84a2-c7bd8996ccec : POST	undefined	/auth 
24-10-2023 14:09:57 eac737f5-4870-4c53-9c51-4e4ba80f0988 : POST	undefined	/employees 
24-10-2023 14:10:16 cb5b3915-8704-4ca3-b0f6-408098c620a6 : DELETE	undefined	/employees 
24-10-2023 14:10:25 06b04dee-1898-4652-8602-f049f70a0fcb : POST	undefined	/auth 
24-10-2023 14:10:37 aabf1c4d-5253-47da-ab6c-2c33dfa904a0 : DELETE	undefined	/employees 
24-10-2023 14:10:44 4c1c7614-50c8-4e79-96a7-0c4c768038f0 : DELETE	undefined	/employees 
24-10-2023 14:10:47 baf45bde-aed1-432d-a13e-0211bffe170b : DELETE	undefined	/employees 
24-10-2023 14:10:51 17c09adb-f63a-404e-a9b7-f653f848b0cd : DELETE	undefined	/employees 
24-10-2023 14:10:53 88ce503c-f87e-4005-b05c-71f8607b4fb8 : DELETE	undefined	/employees 
24-10-2023 14:10:55 2a3b183e-fbb5-4791-be2d-b0ff2b2cada0 : DELETE	undefined	/employees 
24-10-2023 14:10:59 a6acb26b-750f-4fe5-8a0d-29a9df429b53 : DELETE	undefined	/employees 
24-10-2023 14:11:12 0ae3517a-3e7b-4412-b7c6-504ae102fd11 : GET	undefined	/employees 
24-10-2023 14:11:27 bba06965-a813-4b31-b383-50a48b292d19 : POST	undefined	/auth 
24-10-2023 14:11:32 9c27135c-63bb-4c6b-9d8b-8a806e5ed910 : POST	undefined	/auth 
24-10-2023 14:11:38 16f06a96-8751-41d7-ac7d-f37181581017 : GET	undefined	/employees 
24-10-2023 14:11:45 df167d60-a7c4-4a5b-8271-5a1fe9986194 : GET	undefined	/employees/4 
24-10-2023 14:11:53 0c798724-6696-4112-aa42-1b864c8186a4 : POST	undefined	/employees 
24-10-2023 14:12:02 30fe73cc-6be8-4e93-b63b-5ff5df43bfd1 : POST	undefined	/auth 
24-10-2023 14:12:22 43028a15-ebd4-465b-851a-150b469b56bf : POST	undefined	/employees 
24-10-2023 22:01:36 e07271c8-32c4-49af-a43c-eb1de7c4b600 : POST	undefined	/register 
24-10-2023 22:02:18 6abaac89-c395-4fc0-b9d4-278838327c68 : POST	undefined	/register 
24-10-2023 22:03:30 d41ba911-bbd1-4505-90e3-3f60155e5377 : POST	undefined	/register 
24-10-2023 22:03:56 05199c49-05e0-4a4c-b1fc-7d012461ecfc : POST	undefined	/register 
24-10-2023 22:04:18 6068de8f-d0ba-4318-ad11-582c09d84185 : POST	undefined	/register 
24-10-2023 22:04:32 d6aa4e6f-e4ce-4ad7-9c7e-40b7b0076ad3 : POST	undefined	/register 
24-10-2023 22:04:38 48d6d159-650b-45ac-b620-9af6ddafbdc8 : POST	undefined	/register 
24-10-2023 22:07:43 ac8f9cca-dc28-4ce4-8bde-54ec6b786e16 : POST	undefined	/register 
24-10-2023 22:08:55 da6adb61-8a46-4a80-b36e-1294a57ed04f : POST	undefined	/register 
24-10-2023 22:10:17 88c00423-8db0-41e4-b780-ae173b4a97a7 : POST	undefined	/register 
24-10-2023 22:10:28 9763d27b-b7a6-4780-831b-0ad064a0a879 : POST	undefined	/register 
24-10-2023 22:12:09 7eea7fd9-659c-4f8f-9109-abef57ac7978 : POST	undefined	/register 
24-10-2023 22:12:16 0650d70d-ded2-4bd8-8f61-7946d0074679 : POST	undefined	/register 
24-10-2023 22:36:17 bfe9a83f-3d36-48ad-9ef4-ef1cd1b46c02 : POST	undefined	/auth 
24-10-2023 22:36:47 53ce68ef-5001-4920-93ae-a4bdb7777698 : GET	undefined	/refresh 
24-10-2023 22:37:12 de08f9e6-2c74-42d2-a722-e4eab0743546 : GET	undefined	/refresh 
24-10-2023 22:38:12 670727b8-1bcd-4fa5-b5c6-b83c43bb80f8 : GET	undefined	/refresh 
24-10-2023 22:39:05 e95c28c9-fee3-435b-a78a-08288fc19698 : GET	undefined	/logout 
24-10-2023 22:42:10 3a1524d7-6620-4414-aa0f-d053dce408f7 : POST	undefined	/auth 
24-10-2023 22:42:24 b5621b27-4707-4c2b-b603-254f9660e0fb : GET	undefined	/refresh 
24-10-2023 22:42:31 497e4de7-2954-4f61-b201-49a5cc7fb346 : GET	undefined	/logout 
24-10-2023 22:42:50 e3d85f7d-f2c9-4c7f-b0c5-d04c7c4a3f28 : POST	undefined	/auth 
24-10-2023 22:43:01 86a67225-cd2f-4e6d-a9af-56b47eba0fae : GET	undefined	/employees 
24-10-2023 22:46:41 3217a485-4ffb-4da0-82de-735af6ae3e2d : POST	undefined	/employees 
24-10-2023 22:46:51 eb1212e4-ab5b-4be8-bb41-8a25279a15fd : GET	undefined	/employees 
24-10-2023 22:47:10 5b1b603a-4f29-44d1-894f-423c55ef9282 : GET	undefined	/employees/6537fbf9219b2f067e769f08 
24-10-2023 22:47:20 1e5eb378-ae50-4509-ba35-bcfd822df9b8 : GET	undefined	/employees/6537fbf9219b2f067e769f08 
24-10-2023 22:47:24 aff6ea3c-2437-4fce-b398-8de6a13de911 : GET	undefined	/employees/6537fbf9219b2f067e769f08 
24-10-2023 22:48:58 04e8317b-2b33-4da7-b3d4-46ab26aaf467 : GET	undefined	/employees/6537fbf9219b2f067e769f08 
24-10-2023 22:50:25 2f8b84ee-3cab-4458-bf4e-b0f22de2a392 : POST	undefined	/employees 
24-10-2023 22:50:32 2dd5b137-ae65-4bc0-a1e4-c3039dfcf1a9 : GET	undefined	/employees 
24-10-2023 22:51:21 7acfa3ab-ac60-4483-bb76-2a8521a3c5fa : GET	undefined	/employees/6537fbf9219b2f067e769f08 
24-10-2023 23:01:44 b6638692-ba4f-4d1c-b2ea-bfcbff1cc71a : GET	undefined	/employees/6537fbf9219b2f067e769f08 
24-10-2023 23:01:57 df1367ed-a822-4af6-b546-9434b627b6df : GET	undefined	/employees 
24-10-2023 23:02:12 9d4ea755-2add-448b-be6a-be6818042bd5 : POST	undefined	/employees 
24-10-2023 23:02:16 53936760-42e9-48db-847c-c0f91051c112 : GET	undefined	/employees 
24-10-2023 23:02:49 60f7c82d-d70a-4beb-be92-5573221418bb : POST	undefined	/employees 
24-10-2023 23:02:54 be377f43-d7c7-4f6b-a4c6-23159f364232 : GET	undefined	/employees 
24-10-2023 23:03:15 1c3628d0-399a-4a7a-8a0d-99f5987a7d99 : GET	undefined	/employees 
24-10-2023 23:03:44 4162aa15-00c9-457c-98ef-1b34bf8e5e9d : GET	undefined	/refresh 
24-10-2023 23:03:52 5497e0e8-756c-4ed2-a675-ebc7200774ab : PUT	undefined	/employees 
24-10-2023 23:04:08 fe2b9e48-54c0-41d2-9d00-788518ed50a1 : PUT	undefined	/employees 
24-10-2023 23:04:30 a30a4964-ae29-4bee-acae-015195e438ee : PUT	undefined	/employees 
24-10-2023 23:04:34 ac0e3db7-76de-4a2f-b73a-6e00de55c5e5 : GET	undefined	/employees/6537fbf9219b2f067e769f08 
24-10-2023 23:04:36 dc229643-4d12-4457-bfda-a82e7802e347 : GET	undefined	/employees 
24-10-2023 23:05:29 34a405e8-f519-432f-a2df-9a94492fd931 : DELETE	undefined	/employees 
24-10-2023 23:07:31 413eaf77-5718-4326-b751-0391f3dc997e : DELETE	undefined	/employees 
24-10-2023 23:08:19 c1a4e6cb-f9eb-4056-87ff-94a07af59507 : DELETE	undefined	/employees 
24-10-2023 23:09:14 80515c86-56eb-4e98-95cd-f74af4b94355 : DELETE	undefined	/employees 
24-10-2023 23:09:39 c72824ac-5165-4009-8ae7-01bf8b7f5c63 : DELETE	undefined	/employees 
24-10-2023 23:13:09 4c80b28e-8689-4ee5-88b0-333d38bb2606 : DELETE	undefined	/employees 
24-10-2023 23:13:13 a6be0673-93f3-4892-9c7c-ccdcb3f0d9f2 : GET	undefined	/employees 
24-10-2023 23:13:22 9713f98b-9cff-40bd-9429-e53e5fd6bc72 : DELETE	undefined	/employees 
24-10-2023 23:13:25 8f74b2a8-6360-461b-a25f-902deea4d579 : GET	undefined	/employees/6537fbf9219b2f067e769f08 
24-10-2023 23:14:20 8e0e81b0-bbf8-4ea8-b7e8-ad7035bd4f2f : GET	undefined	/employees 
24-10-2023 23:14:28 46108aea-d695-463a-ad53-7c58d079dc28 : DELETE	undefined	/employees 
24-10-2023 23:14:31 6704e127-19bc-4077-acb9-d0fe6b718a32 : GET	undefined	/employees 
24-10-2023 23:14:37 94824c38-1b2f-4789-bde9-44541409bcf6 : GET	undefined	/employees 
24-10-2023 23:14:41 a689cb90-bb59-4fa1-87bb-f68e7025d934 : GET	undefined	/employees/6537ff9c116a7a1fe7498db8 
24-10-2023 23:14:54 2c6a0208-7b25-47e1-98dc-8efcf7574307 : GET	undefined	/employees 
24-10-2023 23:15:00 5e001074-edb7-46b2-99f6-771e86783a51 : POST	undefined	/employees 
24-10-2023 23:15:05 9ad61bf2-5e52-4c7a-8341-8e80081ea625 : POST	undefined	/employees 
24-10-2023 23:15:09 b6236f8e-a791-49f3-9084-00a4efa9deba : POST	undefined	/employees 
24-10-2023 23:15:11 12df9a65-cf12-4d8e-ab1f-85313e931385 : GET	undefined	/employees 
24-10-2023 23:16:04 1178d8d2-abeb-4b29-8275-5aa5a397223a : DELETE	undefined	/employees 
24-10-2023 23:20:24 a5f4bf81-1929-41a2-ae74-f824436de266 : DELETE	undefined	/employees 
24-10-2023 23:21:18 33dae8da-5769-4acf-beec-27fc33482adf : GET	undefined	/employees/6537ff9c116a7a1fe7498db8 
24-10-2023 23:21:24 e7783e0c-e768-415d-b5f0-cc861ac16950 : GET	undefined	/employees 
24-10-2023 23:21:30 5a0da310-0333-4bb1-baf2-5abd1d004d78 : GET	undefined	/employees/6537ff9c116a7a1fe7498db81 
24-10-2023 23:22:08 154ad457-fb7f-4d45-ba41-5d6913528aff : GET	undefined	/employees/6537ff9c116a7a1fe7498db81 
24-10-2023 23:22:44 17e9409d-1233-47c6-87c1-4c7e819e88f5 : GET	undefined	/employees/6537ff9c116a7a1fe7498db81 
24-10-2023 23:24:00 1634bdd9-df34-4e39-8d78-f5f6cbcda597 : GET	undefined	/employees/6537ff9c116a7a1fe7498db81 
24-10-2023 23:24:37 a9c8e76a-b2f7-462e-b1fc-0c0e53d20a89 : GET	undefined	/employees/6537ff9c116a7a1fe7498db8 
24-10-2023 23:26:43 64f68799-ef9d-4b30-87fb-96d74b2cc830 : GET	undefined	/employees/6537ff9c116a7a1fe7498db81 
24-10-2023 23:27:16 c5e8ed3c-5d82-4767-bffd-1ffd157c05b2 : GET	undefined	/employees/6537ff9c116a7a1fe7498db81 
24-10-2023 23:28:57 b24ad341-6187-4ce2-85bb-16e1104fd0bf : GET	undefined	/employees/6537ff9c116a7a1fe7498db8 
24-10-2023 23:29:01 63b8f238-9000-4667-af93-98db5743896c : GET	undefined	/employees/6537ff9c116a7a1fe7498db1 
24-10-2023 23:29:04 669de26a-ef97-4304-9ccd-e8aa5035c7da : GET	undefined	/employees/6537ff9c116a7a1fe7498db11 
24-10-2023 23:29:29 3692f84b-ef6a-41e4-b14c-b091f096a049 : GET	undefined	/employees/6537ff9c116a7a1fe7498db1 
24-10-2023 23:31:11 c8371c1b-9c00-4a3c-b952-c245fe67eaa0 : GET	undefined	/employees/6537ff9c116a7a1fe7498db1 
24-10-2023 23:31:21 9bd9fc40-bb19-4aba-b996-84fd2d9406ad : GET	undefined	/employees/6537ff9c116a7a1fe7498db11 
24-10-2023 23:31:41 890ca7b1-ecf8-4b2b-a883-05c6cc4905f4 : GET	undefined	/employees/653802a10e38e2e80a47f83d 
24-10-2023 23:31:51 6636f27d-bfda-46bb-a13a-e1a90cc5b878 : GET	undefined	/employees/653802a10e38e2e80a47f83d 
24-10-2023 23:32:25 23e550fd-b740-4e83-8476-cddfe14ca6d6 : GET	undefined	/employees/653802a10e38e2e80a47f83d 
24-10-2023 23:32:28 db6a4ae9-394c-46ec-9a55-6f49d8e9fe92 : GET	undefined	/employees/653802a10e38e2e80a47f83d1 
24-10-2023 23:33:43 cbd4f354-d4b4-4101-81be-2490ad029377 : GET	undefined	/employees/653802a10e38e2e80a47f83d1 
24-10-2023 23:34:53 d280e709-5ef8-43a3-b9b8-d545cf8c61e7 : GET	undefined	/employees/6538029c0e38e2e80a47f83b 
24-10-2023 23:34:58 d3d20455-d685-4515-8e9d-e89fb22a5ff3 : GET	undefined	/employees/6538029c0e38e2e80a47f83s 
24-10-2023 23:37:28 641eb2ef-000f-44b3-98bc-d59afe48b7b6 : GET	undefined	/employees/6538029c0e38e2e80a47f83s 
24-10-2023 23:40:45 0f76356c-d090-4620-b050-12774c888fee : GET	undefined	/employees/6538029c0e38e2e80a47f83 
24-10-2023 23:40:51 a0d0260d-8180-4933-930c-b0439a82b6e3 : GET	undefined	/employees 
24-10-2023 23:40:56 bccd64ea-6b48-45a3-9037-b46b357c5e84 : GET	undefined	/employees/6538029c0e38e2e80a47f83b 
24-10-2023 23:40:59 3395ca0d-c8f1-4abb-84a9-f8f188080658 : GET	undefined	/employees/6538029c0e38e2e80a47f83c 
24-10-2023 23:41:06 c215712e-6c14-47f1-aaa8-7d3edd7942ee : GET	undefined	/employees/6538029c0e38e2e80a47f83a 
24-10-2023 23:41:09 b250b4a1-e707-42a9-95f6-f83f96ace110 : GET	undefined	/employees/6538029c0e38e2e80a47f831 
24-10-2023 23:41:13 5ecec09c-5ad8-48fc-9827-66c2f08a132e : GET	undefined	/employees/6538029c0e38e2e80a47f839 
24-10-2023 23:41:18 4e6e69b7-2e88-4d09-a244-6178bf0ecb5d : GET	undefined	/employees/6538029c0e38e2e80a47f8311 
24-10-2023 23:41:23 653a476d-771d-4058-8fd7-e63453c5eae6 : GET	undefined	/employees/6538029c0e38e2e80a47f83b 
24-10-2023 23:41:33 757124e1-9b72-436e-841a-479749c7253f : GET	undefined	/employees 
24-10-2023 23:41:41 c4cd0155-9102-4cb9-9d89-03921fa4ccbe : DELETE	undefined	/employees 
24-10-2023 23:41:45 5e690148-433a-42ce-809b-a596fc4b2d06 : DELETE	undefined	/employees 
24-10-2023 23:41:49 c8e557ed-1c8a-4983-81b3-fa86407d5a8a : GET	undefined	/employees 
24-10-2023 23:42:02 39fee4ee-f00d-414b-96b4-563623a590b6 : DELETE	undefined	/employees 
24-10-2023 23:42:04 d88bf49c-4e78-4873-b2ce-13ccbd4e1dbd : GET	undefined	/employees 
24-10-2023 23:42:51 0182be21-e529-41b0-9792-237444049af0 : POST	undefined	/employees 
24-10-2023 23:42:53 13ff29d0-cc8f-460e-bd16-fba93fecd6e3 : GET	undefined	/employees/6538029c0e38e2e80a47f83b 
24-10-2023 23:42:57 4fa5dc94-c9b4-471f-b433-88041056dc66 : GET	undefined	/employees 
24-10-2023 23:43:02 1acace66-7bde-415d-83f8-b29567f66a68 : GET	undefined	/employees/653809233cdac0acecbef862 
24-10-2023 23:43:06 6994e600-1c7b-44dd-a1cd-aa4eea83b4fc : DELETE	undefined	/employees 
24-10-2023 23:50:23 3c2137d2-7947-4ff7-b31e-f8429e8bbf24 : POST	undefined	/auth 
24-10-2023 23:50:36 835356db-6996-409e-8a59-a01d1ab39326 : GET	undefined	/employees 
24-10-2023 23:51:14 e6c0d783-a9ce-455e-a727-f31953664ce6 : PUT	undefined	/employees 
24-10-2023 23:51:26 df638254-14cb-4370-9aec-fc8da117dcae : POST	undefined	/auth 
24-10-2023 23:51:33 cbf392de-b5a5-419c-a137-85a66dfe49e0 : PUT	undefined	/employees 
24-10-2023 23:51:38 3ce9d33b-a3a9-4a40-a9c4-c58428819b8a : GET	undefined	/employees 
